TN:verilator_coverage
SF:/home/parallels/UCAgentO/output/VectorFloatAdder/VectorFloatAdder.v
DA:3,116
DA:4,116
DA:5,103
DA:6,69
DA:9,69
DA:38,57
DA:39,57
DA:40,49
DA:41,34
DA:44,34
DA:107,9
DA:108,8
DA:109,8
DA:110,12
DA:111,12
DA:112,4
DA:113,7
DA:114,5
DA:115,7
DA:116,5
DA:117,6
DA:150,17
DA:151,25
DA:152,11
DA:153,12
DA:154,12
DA:155,17
DA:156,27
DA:157,11
DA:158,11
DA:159,12
DA:160,18
DA:161,22
DA:162,11
DA:163,13
DA:164,9
DA:413,9
DA:414,9
DA:415,20
DA:422,13
DA:423,20
DA:424,20
DA:425,30
DA:428,23
DA:429,20
DA:431,22
DA:433,21
DA:440,504
DA:441,56
DA:442,9
DA:443,20
DA:444,21
DA:447,22
DA:448,16
DA:449,19
DA:451,260
DA:452,28
DA:453,28
DA:454,28
DA:455,28
DA:462,252
DA:463,28
DA:464,5
DA:465,5
DA:466,9
DA:467,12
DA:468,6
DA:469,3
DA:470,6
DA:471,18
DA:472,9
DA:475,8
DA:476,6
DA:483,12
DA:484,10
DA:485,15
DA:486,14
DA:487,8
DA:488,6
DA:489,8
DA:490,12
DA:493,9
DA:494,6
DA:495,4
DA:496,5
DA:497,4
DA:498,4
DA:499,11
DA:501,14
DA:503,10
DA:504,11
DA:505,9
DA:506,11
DA:507,13
DA:508,10
DA:510,12
DA:515,10
DA:517,10
DA:518,9
DA:524,14
DA:525,8
DA:526,10
DA:527,9
DA:536,8
DA:537,11
DA:539,3
DA:546,15
DA:563,9
DA:564,15
DA:565,130
DA:566,14
DA:567,14
DA:568,14
DA:569,14
DA:570,14
DA:571,14
DA:572,14
DA:573,14
DA:574,14
DA:575,14
DA:576,14
DA:577,14
DA:578,14
DA:579,14
DA:580,14
DA:581,14
DA:582,14
DA:583,14
DA:584,14
DA:671,20
DA:672,19
DA:673,20
DA:680,8
DA:681,8
DA:682,11
DA:689,7
DA:690,9
DA:691,5
DA:706,252
DA:707,28
DA:708,5
DA:709,5
DA:710,7
DA:711,6
DA:712,3
DA:713,18
DA:714,5
DA:717,7
DA:724,4
DA:725,5
DA:726,8
DA:729,8
DA:730,8
DA:731,9
DA:732,7
DA:733,13
DA:734,11
DA:735,12
DA:736,13
DA:737,8
DA:738,12
DA:739,18
DA:740,8
DA:741,8
DA:742,12
DA:743,11
DA:745,12
DA:795,8
DA:800,9
DA:805,16
DA:806,7
DA:807,6
DA:812,12
DA:817,4
DA:823,4
DA:827,2
DA:936,4
DA:937,3
DA:988,130
DA:989,14
DA:990,14
DA:991,14
DA:992,14
DA:993,14
DA:994,14
DA:995,14
DA:996,14
DA:997,14
DA:998,14
DA:999,14
DA:1000,14
DA:1001,14
DA:1002,14
DA:1003,14
DA:1004,14
DA:1005,14
DA:1006,14
DA:1007,14
DA:1008,14
DA:1009,14
DA:1010,14
DA:1011,14
DA:1012,14
DA:1013,14
DA:1014,14
DA:1015,14
DA:1016,14
DA:1017,14
DA:1018,14
DA:1066,252
DA:1067,28
DA:1068,5
DA:1069,5
DA:1070,3
DA:1071,2
DA:1072,5
DA:1073,12
DA:1074,22
DA:1075,6
DA:1076,6
DA:1077,18
DA:1078,6
DA:1079,8
DA:1080,12
DA:1081,6
DA:1082,16
DA:1083,9
DA:1084,14
DA:1094,5
DA:1098,5
DA:1102,9
DA:1103,11
DA:1104,14
DA:1105,12
DA:1106,14
DA:1107,7
DA:1109,10
DA:1110,13
DA:1111,9
DA:1112,12
DA:1113,8
DA:1114,7
DA:1115,11
DA:1116,7
DA:1117,11
DA:1118,6
DA:1119,11
DA:1120,7
DA:1121,10
DA:1122,22
DA:1123,16
DA:1124,16
DA:1126,16
DA:1128,8
DA:1132,5
DA:1136,15
DA:1138,4
DA:1140,14
DA:1142,8
DA:1144,5
DA:1146,6
DA:1148,16
DA:1150,16
DA:1156,4
DA:1157,6
DA:1158,4
DA:1159,6
DA:1160,4
DA:1161,6
DA:1162,6
DA:1163,4
DA:1164,10
DA:1165,4
DA:1166,4
DA:1167,8
DA:1168,20
DA:1169,10
DA:1171,14
DA:1173,12
DA:1180,19
DA:1183,11
DA:1184,6
DA:1185,6
DA:1187,3
DA:1189,6
DA:1190,6
DA:1191,3
DA:1192,3
DA:1213,5
DA:1214,7
DA:1216,6
DA:1218,130
DA:1219,14
DA:1220,14
DA:1221,14
DA:1222,14
DA:1223,14
DA:1224,14
DA:1225,14
DA:1226,14
DA:1227,14
DA:1228,14
DA:1229,14
DA:1230,14
DA:1231,14
DA:1232,14
DA:1233,14
DA:1234,14
DA:1235,14
DA:1236,14
DA:1237,14
DA:1238,14
DA:1239,14
DA:1240,14
DA:1241,14
DA:1242,14
DA:1243,14
DA:1244,14
DA:1245,14
DA:1246,14
DA:1247,14
DA:1248,14
DA:1249,14
DA:1250,14
DA:1251,14
DA:1252,14
DA:1253,14
DA:1254,14
DA:1255,14
DA:1256,14
DA:1257,14
DA:1258,14
DA:1259,14
DA:1260,14
DA:1261,14
DA:1262,14
DA:1263,14
DA:1264,14
DA:1265,14
DA:1266,14
DA:1267,14
DA:1268,14
DA:1269,14
DA:1270,14
DA:1271,14
DA:1272,14
DA:1273,14
DA:1274,14
DA:1275,14
DA:1276,14
DA:1277,14
DA:1278,14
DA:1279,14
DA:1280,14
DA:1281,14
DA:1282,14
DA:1283,14
DA:1284,14
DA:1285,14
DA:1286,14
DA:1287,14
DA:1288,14
DA:1289,14
DA:1290,14
DA:1291,14
DA:1292,14
DA:1293,14
DA:1294,14
DA:1295,14
DA:1296,14
DA:1297,14
DA:1298,14
DA:1299,14
DA:1300,14
DA:1301,14
DA:1302,14
DA:1303,14
DA:1304,14
DA:1305,14
DA:1306,14
DA:1307,14
DA:1308,14
DA:1309,14
DA:1310,14
DA:1311,14
DA:1312,14
DA:1313,14
DA:1369,9
DA:1370,9
DA:1371,9
DA:1378,10
DA:1379,10
DA:1380,12
DA:1381,20
DA:1384,10
DA:1385,13
DA:1387,10
DA:1389,10
DA:1391,10
DA:1398,252
DA:1399,28
DA:1400,3
DA:1401,12
DA:1402,5
DA:1405,5
DA:1406,6
DA:1407,130
DA:1408,14
DA:1409,14
DA:1410,14
DA:1417,126
DA:1418,14
DA:1419,1
DA:1420,1
DA:1421,4
DA:1422,6
DA:1423,3
DA:1424,2
DA:1425,5
DA:1426,3
DA:1429,8
DA:1430,7
DA:1437,6
DA:1438,10
DA:1439,7
DA:1440,7
DA:1441,4
DA:1442,3
DA:1443,4
DA:1444,6
DA:1447,3
DA:1448,5
DA:1450,1
DA:1451,2
DA:1452,2
DA:1455,1
DA:1456,5
DA:1458,9
DA:1459,6
DA:1461,6
DA:1462,3
DA:1463,7
DA:1464,4
DA:1465,3
DA:1466,2
DA:1467,2
DA:1475,2
DA:1477,8
DA:1482,3
DA:1483,5
DA:1484,4
DA:1490,5
DA:1495,6
DA:1496,3
DA:1497,5
DA:1498,8
DA:1507,3
DA:1508,6
DA:1510,65
DA:1511,7
DA:1512,7
DA:1513,7
DA:1514,7
DA:1515,7
DA:1516,7
DA:1517,7
DA:1518,7
DA:1519,7
DA:1520,7
DA:1521,7
DA:1522,7
DA:1523,7
DA:1524,7
DA:1525,7
DA:1526,7
DA:1527,7
DA:1528,7
DA:1529,7
DA:1530,7
DA:1531,7
DA:1532,7
DA:1533,7
DA:1534,7
DA:1612,10
DA:1613,8
DA:1614,13
DA:1621,4
DA:1622,4
DA:1623,8
DA:1630,1
DA:1631,2
DA:1632,1
DA:1650,126
DA:1651,14
DA:1652,1
DA:1653,1
DA:1654,2
DA:1655,3
DA:1656,1
DA:1657,3
DA:1660,5
DA:1667,1
DA:1668,2
DA:1671,3
DA:1672,2
DA:1673,2
DA:1674,1
DA:1675,6
DA:1676,3
DA:1678,1
DA:1679,1
DA:1680,6
DA:1681,4
DA:1682,4
DA:1683,8
DA:1684,9
DA:1685,4
DA:1686,4
DA:1687,6
DA:1688,4
DA:1690,5
DA:1692,4
DA:1799,5
DA:1803,6
DA:1807,9
DA:1808,7
DA:1809,5
DA:1812,3
DA:1815,3
DA:1819,1
DA:1823,1
DA:2048,2
DA:2052,65
DA:2053,7
DA:2054,7
DA:2055,7
DA:2056,7
DA:2057,7
DA:2058,7
DA:2059,7
DA:2060,7
DA:2061,7
DA:2062,7
DA:2063,7
DA:2064,7
DA:2065,7
DA:2066,7
DA:2067,7
DA:2068,7
DA:2069,7
DA:2070,7
DA:2071,7
DA:2072,7
DA:2073,7
DA:2074,7
DA:2075,7
DA:2076,7
DA:2077,7
DA:2078,7
DA:2079,7
DA:2080,7
DA:2081,7
DA:2082,7
DA:2083,7
DA:2084,7
DA:2085,7
DA:2086,7
DA:2087,7
DA:2088,7
DA:2089,7
DA:2090,7
DA:2091,7
DA:2092,7
DA:2093,7
DA:2094,7
DA:2095,7
DA:2096,7
DA:2097,7
DA:2098,7
DA:2099,7
DA:2100,7
DA:2101,7
DA:2102,7
DA:2103,7
DA:2104,7
DA:2105,7
DA:2106,7
DA:2107,7
DA:2108,7
DA:2109,7
DA:2110,7
DA:2111,7
DA:2112,7
DA:2113,7
DA:2114,7
DA:2115,7
DA:2116,7
DA:2117,7
DA:2118,7
DA:2119,7
DA:2120,7
DA:2121,7
DA:2122,7
DA:2123,7
DA:2124,7
DA:2125,7
DA:2126,7
DA:2127,7
DA:2128,7
DA:2129,7
DA:2130,7
DA:2131,7
DA:2132,7
DA:2133,7
DA:2134,7
DA:2135,7
DA:2136,7
DA:2137,7
DA:2138,7
DA:2139,7
DA:2140,7
DA:2141,7
DA:2142,7
DA:2143,7
DA:2144,7
DA:2145,7
DA:2146,7
DA:2147,7
DA:2148,7
DA:2149,7
DA:2150,7
DA:2151,7
DA:2152,7
DA:2153,7
DA:2154,7
DA:2155,7
DA:2156,7
DA:2157,7
DA:2158,7
DA:2159,7
DA:2160,7
DA:2161,7
DA:2162,7
DA:2163,7
DA:2164,7
DA:2165,7
DA:2166,7
DA:2167,7
DA:2168,7
DA:2169,7
DA:2170,7
DA:2171,7
DA:2172,7
DA:2173,7
DA:2174,7
DA:2175,7
DA:2176,7
DA:2177,7
DA:2178,7
DA:2179,7
DA:2180,7
DA:2181,7
DA:2182,7
DA:2183,7
DA:2184,7
DA:2185,7
DA:2186,7
DA:2187,7
DA:2188,7
DA:2236,126
DA:2237,14
DA:2238,1
DA:2239,2
DA:2240,1
DA:2241,1
DA:2242,2
DA:2243,12
DA:2244,6
DA:2245,3
DA:2246,2
DA:2247,3
DA:2248,4
DA:2249,6
DA:2250,3
DA:2251,8
DA:2252,4
DA:2253,7
DA:2263,1
DA:2264,1
DA:2265,8
DA:2266,5
DA:2267,7
DA:2268,6
DA:2269,5
DA:2270,4
DA:2271,5
DA:2272,4
DA:2273,1
DA:2275,1
DA:2276,3
DA:2277,2
DA:2278,7
DA:2279,1
DA:2280,7
DA:2281,3
DA:2282,9
DA:2283,4
DA:2284,2
DA:2285,8
DA:2287,8
DA:2289,4
DA:2291,3
DA:2293,7
DA:2295,4
DA:2297,7
DA:2299,4
DA:2301,3
DA:2303,3
DA:2305,13
DA:2307,11
DA:2312,2
DA:2313,3
DA:2314,2
DA:2315,3
DA:2316,2
DA:2317,3
DA:2318,3
DA:2319,2
DA:2320,5
DA:2321,2
DA:2322,2
DA:2323,4
DA:2324,8
DA:2325,8
DA:2327,14
DA:2329,9
DA:2335,15
DA:2338,8
DA:2339,2
DA:2340,1
DA:2360,2
DA:2361,4
DA:2363,2
DA:2365,65
DA:2366,7
DA:2367,7
DA:2368,7
DA:2369,7
DA:2370,7
DA:2371,7
DA:2372,7
DA:2373,7
DA:2374,7
DA:2375,7
DA:2376,7
DA:2377,7
DA:2378,7
DA:2379,7
DA:2380,7
DA:2381,7
DA:2382,7
DA:2383,7
DA:2384,7
DA:2385,7
DA:2386,7
DA:2387,7
DA:2388,7
DA:2389,7
DA:2390,7
DA:2391,7
DA:2392,7
DA:2393,7
DA:2394,7
DA:2395,7
DA:2396,7
DA:2397,7
DA:2398,7
DA:2399,7
DA:2400,7
DA:2401,7
DA:2402,7
DA:2403,7
DA:2404,7
DA:2405,7
DA:2406,7
DA:2407,7
DA:2408,7
DA:2409,7
DA:2410,7
DA:2411,7
DA:2412,7
DA:2413,7
DA:2414,7
DA:2415,7
DA:2416,7
DA:2417,7
DA:2418,7
DA:2419,7
DA:2420,7
DA:2421,7
DA:2422,7
DA:2423,7
DA:2424,7
DA:2425,7
DA:2426,7
DA:2427,7
DA:2428,7
DA:2429,7
DA:2430,7
DA:2431,7
DA:2432,7
DA:2433,7
DA:2434,7
DA:2435,7
DA:2436,7
DA:2437,7
DA:2438,7
DA:2439,7
DA:2440,7
DA:2441,7
DA:2493,21
DA:2494,21
DA:2495,19
DA:2502,18
DA:2503,19
DA:2504,20
DA:2505,28
DA:2508,20
DA:2509,20
DA:2511,21
DA:2518,504
DA:2519,56
DA:2520,11
DA:2521,20
DA:2522,18
DA:2525,19
DA:2526,16
DA:2527,260
DA:2528,28
DA:2529,28
DA:2530,28
DA:2537,252
DA:2538,28
DA:2539,8
DA:2540,7
DA:2541,9
DA:2542,12
DA:2543,6
DA:2544,4
DA:2545,7
DA:2546,14
DA:2549,16
DA:2550,11
DA:2557,18
DA:2558,14
DA:2559,11
DA:2560,14
DA:2561,8
DA:2562,6
DA:2563,8
DA:2564,12
DA:2567,14
DA:2568,7
DA:2569,7
DA:2570,8
DA:2571,8
DA:2574,5
DA:2575,12
DA:2577,10
DA:2578,10
DA:2579,10
DA:2580,10
DA:2581,12
DA:2582,14
DA:2583,11
DA:2584,6
DA:2585,7
DA:2586,12
DA:2596,9
DA:2598,12
DA:2603,7
DA:2604,13
DA:2605,12
DA:2611,10
DA:2616,10
DA:2617,9
DA:2618,11
DA:2619,9
DA:2628,13
DA:2629,14
DA:2631,130
DA:2632,14
DA:2633,14
DA:2634,14
DA:2635,14
DA:2636,14
DA:2637,14
DA:2638,14
DA:2639,14
DA:2640,14
DA:2641,14
DA:2642,14
DA:2643,14
DA:2644,14
DA:2645,14
DA:2646,14
DA:2647,14
DA:2648,14
DA:2649,14
DA:2650,14
DA:2651,14
DA:2652,14
DA:2653,14
DA:2654,14
DA:2655,14
DA:2656,14
DA:2734,27
DA:2735,24
DA:2736,28
DA:2743,8
DA:2744,8
DA:2745,14
DA:2752,8
DA:2753,9
DA:2754,6
DA:2767,252
DA:2768,28
DA:2769,8
DA:2770,7
DA:2771,8
DA:2772,6
DA:2773,3
DA:2774,5
DA:2777,7
DA:2784,7
DA:2785,8
DA:2788,9
DA:2789,9
DA:2790,9
DA:2791,8
DA:2792,6
DA:2793,9
DA:2795,8
DA:2796,7
DA:2797,6
DA:2798,6
DA:2799,6
DA:2800,12
DA:2801,18
DA:2802,8
DA:2803,8
DA:2804,12
DA:2805,10
DA:2807,11
DA:2809,10
DA:2832,9
DA:2836,6
DA:2840,18
DA:2841,9
DA:2842,8
DA:2845,10
DA:2848,4
DA:2852,4
DA:2856,3
DA:2913,9
DA:2914,130
DA:2915,14
DA:2916,14
DA:2917,14
DA:2918,14
DA:2919,14
DA:2920,14
DA:2921,14
DA:2922,14
DA:2923,14
DA:2924,14
DA:2925,14
DA:2926,14
DA:2927,14
DA:2928,14
DA:2929,14
DA:2930,14
DA:2931,14
DA:2932,14
DA:2933,14
DA:2934,14
DA:2935,14
DA:2936,14
DA:2937,14
DA:2938,14
DA:2939,14
DA:2940,14
DA:2941,14
DA:2942,14
DA:2943,14
DA:2944,14
DA:2945,14
DA:2946,14
DA:2947,14
DA:2948,14
DA:2949,14
DA:2950,14
DA:2951,14
DA:2952,14
DA:2953,14
DA:2954,14
DA:2955,14
DA:2956,14
DA:2957,14
DA:2958,14
DA:2959,14
DA:2960,14
DA:2961,14
DA:2962,14
DA:2963,14
DA:2964,14
DA:3012,252
DA:3013,28
DA:3014,8
DA:3015,7
DA:3016,3
DA:3017,12
DA:3018,22
DA:3019,6
DA:3020,7
DA:3021,12
DA:3022,6
DA:3023,16
DA:3024,8
DA:3034,8
DA:3035,8
DA:3036,11
DA:3037,14
DA:3038,10
DA:3039,14
DA:3040,11
DA:3041,13
DA:3042,5
DA:3043,13
DA:3044,10
DA:3045,17
DA:3046,11
DA:3049,7
DA:3051,5
DA:3053,13
DA:3055,6
DA:3057,4
DA:3059,8
DA:3064,20
DA:3066,17
DA:3068,4
DA:3069,6
DA:3070,4
DA:3071,6
DA:3072,4
DA:3073,6
DA:3074,6
DA:3075,4
DA:3076,10
DA:3077,4
DA:3078,4
DA:3079,8
DA:3080,18
DA:3081,16
DA:3083,17
DA:3085,9
DA:3091,20
DA:3094,17
DA:3095,4
DA:3096,4
DA:3116,6
DA:3117,6
DA:3119,6
DA:3121,130
DA:3122,14
DA:3123,14
DA:3124,14
DA:3125,14
DA:3126,14
DA:3127,14
DA:3128,14
DA:3129,14
DA:3130,14
DA:3131,14
DA:3132,14
DA:3133,14
DA:3134,14
DA:3135,14
DA:3136,14
DA:3137,14
DA:3138,14
DA:3139,14
DA:3140,14
DA:3141,14
DA:3142,14
DA:3143,14
DA:3144,14
DA:3145,14
DA:3146,14
DA:3147,14
DA:3148,14
DA:3149,14
DA:3150,14
DA:3151,14
DA:3152,14
DA:3153,14
DA:3154,14
DA:3155,14
DA:3156,14
DA:3157,14
DA:3158,14
DA:3159,14
DA:3160,14
DA:3161,14
DA:3162,14
DA:3163,14
DA:3164,14
DA:3165,14
DA:3166,14
DA:3167,14
DA:3168,14
DA:3169,14
DA:3170,14
DA:3171,14
DA:3172,14
DA:3173,14
DA:3174,14
DA:3175,14
DA:3176,14
DA:3177,14
DA:3178,14
DA:3179,14
DA:3180,14
DA:3181,14
DA:3182,14
DA:3183,14
DA:3184,14
DA:3185,14
DA:3186,14
DA:3187,14
DA:3231,126
DA:3232,7
DA:3233,14
DA:3234,2
DA:3235,1
DA:3236,2
DA:3237,2
DA:3238,2
DA:3239,6
DA:3240,8
DA:3241,6
DA:3242,6
DA:3243,3
DA:3244,9
DA:3245,3
DA:3246,4
DA:3247,6
DA:3248,3
DA:3249,8
DA:3250,2
DA:3251,7
DA:3252,5
DA:3253,1
DA:3254,1
DA:3255,1
DA:3281,9
DA:3282,4
DA:3283,5
DA:3284,6
DA:3287,65
DA:3288,7
DA:3289,7
DA:3290,7
end_of_record
