{
    "run_test_success": true,
    "tests": {
        "total": 195,
        "fails": 6,
        "test_cases": {
            "unity_test/tests/test_VectorIdiv_api_basic.py:7-44::test_api_VectorIdiv_divide_basic_unsigned": "FAILED",
            "unity_test/tests/test_VectorIdiv_api_basic.py:47-94::test_api_VectorIdiv_divide_basic_signed": "FAILED",
            "unity_test/tests/test_VectorIdiv_api_basic.py:97-145::test_api_VectorIdiv_divide_different_precisions": "FAILED",
            "unity_test/tests/test_VectorIdiv_api_basic.py:148-183::test_api_VectorIdiv_divide_by_zero": "FAILED",
            "unity_test/tests/test_VectorIdiv_api_basic.py:186-224::test_api_VectorIdiv_vector_division": "FAILED",
            "unity_test/tests/test_VectorIdiv_api_basic.py:227-285::test_api_VectorIdiv_get_status": "PASSED",
            "unity_test/tests/test_VectorIdiv_api_basic.py:288-335::test_api_VectorIdiv_error_handling": "PASSED",
            "unity_test/tests/test_VectorIdiv_api_basic.py:338-378::test_api_VectorIdiv_basic_operation": "FAILED",
            "unity_test/tests/test_VectorIdiv_api_basic.py:381-408::test_api_VectorIdiv_check_div_by_zero": "PASSED",
            "unity_test/tests/test_VectorIdiv_api_basic.py:411-445::test_api_VectorIdiv_reset_and_init": "PASSED",
            "unity_test/tests/test_VectorIdiv_basic_arithmetic.py:11-35::test_signed_division_positive_positive": "ERROR",
            "unity_test/tests/test_VectorIdiv_basic_arithmetic.py:38-61::test_signed_division_positive_negative": "ERROR",
            "unity_test/tests/test_VectorIdiv_basic_arithmetic.py:64-87::test_signed_division_negative_positive": "ERROR",
            "unity_test/tests/test_VectorIdiv_basic_arithmetic.py:90-113::test_signed_division_negative_negative": "ERROR",
            "unity_test/tests/test_VectorIdiv_basic_arithmetic.py:116-139::test_signed_division_truncation": "ERROR",
            "unity_test/tests/test_VectorIdiv_basic_arithmetic.py:142-165::test_signed_division_remainder_sign": "ERROR",
            "unity_test/tests/test_VectorIdiv_basic_arithmetic.py:168-190::test_unsigned_division_basic": "ERROR",
            "unity_test/tests/test_VectorIdiv_basic_arithmetic.py:193-215::test_unsigned_division_large_numbers": "ERROR",
            "unity_test/tests/test_VectorIdiv_basic_arithmetic.py:218-240::test_unsigned_division_zero_dividend": "ERROR",
            "unity_test/tests/test_VectorIdiv_basic_arithmetic.py:243-265::test_unsigned_division_unity_divisor": "ERROR",
            "unity_test/tests/test_VectorIdiv_boundary_conditions.py:11-33::test_divide_by_zero_detection": "ERROR",
            "unity_test/tests/test_VectorIdiv_boundary_conditions.py:36-58::test_divide_by_zero_flags": "ERROR",
            "unity_test/tests/test_VectorIdiv_boundary_conditions.py:61-84::test_divide_by_zero_quotient_ones": "ERROR",
            "unity_test/tests/test_VectorIdiv_boundary_conditions.py:87-109::test_divide_by_zero_remainder_dividend": "ERROR",
            "unity_test/tests/test_VectorIdiv_boundary_conditions.py:112-134::test_divide_by_zero_partial": "ERROR",
            "unity_test/tests/test_VectorIdiv_boundary_conditions.py:137-159::test_divide_by_zero_all": "ERROR",
            "unity_test/tests/test_VectorIdiv_boundary_conditions.py:162-184::test_divide_by_zero_mixed": "ERROR",
            "unity_test/tests/test_VectorIdiv_boundary_conditions.py:187-210::test_overflow_detection": "ERROR",
            "unity_test/tests/test_VectorIdiv_boundary_conditions.py:213-236::test_overflow_min_neg_div_minus1": "ERROR",
            "unity_test/tests/test_VectorIdiv_boundary_conditions.py:239-261::test_overflow_quotient_dividend": "ERROR",
            "unity_test/tests/test_VectorIdiv_boundary_conditions.py:264-286::test_overflow_remainder_zero": "ERROR",
            "unity_test/tests/test_VectorIdiv_boundary_conditions.py:289-311::test_no_unsigned_overflow": "ERROR",
            "unity_test/tests/test_VectorIdiv_boundary_handling.py:4-25::test_divide_by_zero_detection": "ERROR",
            "unity_test/tests/test_VectorIdiv_boundary_handling.py:27-52::test_divide_by_zero_dzero_flags": "ERROR",
            "unity_test/tests/test_VectorIdiv_boundary_handling.py:54-74::test_divide_by_zero_quotient_ones": "ERROR",
            "unity_test/tests/test_VectorIdiv_boundary_handling.py:76-94::test_divide_by_zero_remainder_dividend": "ERROR",
            "unity_test/tests/test_VectorIdiv_boundary_handling.py:96-116::test_partial_zero_division": "ERROR",
            "unity_test/tests/test_VectorIdiv_boundary_handling.py:118-140::test_complete_zero_division": "ERROR",
            "unity_test/tests/test_VectorIdiv_boundary_handling.py:142-161::test_overflow_remainder_zero": "ERROR",
            "unity_test/tests/test_VectorIdiv_boundary_handling.py:163-191::test_overflow_no_unsigned_overflow": "ERROR",
            "unity_test/tests/test_VectorIdiv_boundary_handling.py:193-213::test_overflow_precision_8": "ERROR",
            "unity_test/tests/test_VectorIdiv_boundary_handling.py:215-235::test_overflow_precision_16": "ERROR",
            "unity_test/tests/test_VectorIdiv_boundary_handling.py:237-257::test_overflow_precision_32": "ERROR",
            "unity_test/tests/test_VectorIdiv_boundary_handling.py:259-279::test_overflow_precision_64": "ERROR",
            "unity_test/tests/test_VectorIdiv_boundary_handling.py:281-302::test_divide_by_zero_partial_zero": "ERROR",
            "unity_test/tests/test_VectorIdiv_boundary_handling.py:304-325::test_divide_by_zero_all_zero": "ERROR",
            "unity_test/tests/test_VectorIdiv_boundary_handling.py:327-348::test_divide_by_zero_mixed_zero": "ERROR",
            "unity_test/tests/test_VectorIdiv_boundary_handling.py:350-367::test_overflow_detection": "ERROR",
            "unity_test/tests/test_VectorIdiv_boundary_handling.py:369-393::test_overflow_min_neg_div_minus1": "ERROR",
            "unity_test/tests/test_VectorIdiv_boundary_handling.py:395-413::test_overflow_quotient_dividend": "ERROR",
            "unity_test/tests/test_VectorIdiv_configuration_control.py:11-33::test_precision_sew_00": "ERROR",
            "unity_test/tests/test_VectorIdiv_configuration_control.py:36-58::test_precision_sew_01": "ERROR",
            "unity_test/tests/test_VectorIdiv_configuration_control.py:61-83::test_precision_sew_10": "ERROR",
            "unity_test/tests/test_VectorIdiv_configuration_control.py:86-108::test_precision_sew_11": "ERROR",
            "unity_test/tests/test_VectorIdiv_configuration_control.py:111-134::test_precision_sew_switch": "ERROR",
            "unity_test/tests/test_VectorIdiv_configuration_control.py:137-159::test_precision_invalid_sew": "ERROR",
            "unity_test/tests/test_VectorIdiv_configuration_control.py:162-184::test_sign_unsigned_mode": "ERROR",
            "unity_test/tests/test_VectorIdiv_configuration_control.py:187-209::test_sign_signed_mode": "ERROR",
            "unity_test/tests/test_VectorIdiv_configuration_control.py:212-234::test_sign_switch": "ERROR",
            "unity_test/tests/test_VectorIdiv_configuration_control.py:237-259::test_sign_mixed_sign": "ERROR",
            "unity_test/tests/test_VectorIdiv_env_fixture.py:7-76::test_api_VectorIdiv_env_basic_functionality": "PASSED",
            "unity_test/tests/test_VectorIdiv_env_fixture.py:79-123::test_api_VectorIdiv_env_pin_operations": "PASSED",
            "unity_test/tests/test_VectorIdiv_env_fixture.py:126-164::test_api_VectorIdiv_env_mock_component": "PASSED",
            "unity_test/tests/test_VectorIdiv_env_fixture.py:167-210::test_api_VectorIdiv_env_reset_functionality": "PASSED",
            "unity_test/tests/test_VectorIdiv_env_fixture.py:213-231::test_api_VectorIdiv_env_simple_division": "PASSED",
            "unity_test/tests/test_VectorIdiv_env_fixture.py:234-277::test_api_VectorIdiv_env_io_interface_consistency": "PASSED",
            "unity_test/tests/test_VectorIdiv_pipeline_control.py:11-33::test_handshake_input_protocol": "ERROR",
            "unity_test/tests/test_VectorIdiv_pipeline_control.py:36-58::test_handshake_output_protocol": "ERROR",
            "unity_test/tests/test_VectorIdiv_pipeline_control.py:61-83::test_handshake_backpressure": "ERROR",
            "unity_test/tests/test_VectorIdiv_pipeline_control.py:86-108::test_handshake_stall_condition": "ERROR",
            "unity_test/tests/test_VectorIdiv_pipeline_control.py:111-133::test_handshake_ready_valid_timing": "ERROR",
            "unity_test/tests/test_VectorIdiv_pipeline_control.py:136-158::test_handshake_data_validity": "ERROR",
            "unity_test/tests/test_VectorIdiv_pipeline_control.py:161-183::test_pipeline_advance": "ERROR",
            "unity_test/tests/test_VectorIdiv_pipeline_control.py:186-208::test_pipeline_flush_operation": "ERROR",
            "unity_test/tests/test_VectorIdiv_pipeline_control.py:211-233::test_pipeline_flush_timing": "ERROR",
            "unity_test/tests/test_VectorIdiv_pipeline_control.py:236-258::test_pipeline_operation_overlap": "ERROR",
            "unity_test/tests/test_VectorIdiv_pipeline_control.py:261-283::test_pipeline_latency_consistency": "ERROR",
            "unity_test/tests/test_VectorIdiv_pipeline_control.py:286-308::test_pipeline_throughput": "ERROR",
            "unity_test/tests/test_VectorIdiv_pipeline_control.py:311-333::test_state_idle": "ERROR",
            "unity_test/tests/test_VectorIdiv_pipeline_control.py:336-358::test_state_busy": "ERROR",
            "unity_test/tests/test_VectorIdiv_pipeline_control.py:361-383::test_state_error": "ERROR",
            "unity_test/tests/test_VectorIdiv_pipeline_control.py:386-409::test_state_transition": "ERROR",
            "unity_test/tests/test_VectorIdiv_pipeline_control.py:412-434::test_state_reset_recovery": "ERROR",
            "unity_test/tests/test_VectorIdiv_pipeline_control.py:437-459::test_state_exception_handling": "ERROR",
            "unity_test/tests/test_VectorIdiv_stage19_complete.py:12-28::test_api_vector_division_unsigned_8": "ERROR",
            "unity_test/tests/test_VectorIdiv_stage19_complete.py:31-45::test_api_vector_division_signed_8": "ERROR",
            "unity_test/tests/test_VectorIdiv_stage19_complete.py:48-62::test_api_vector_division_unsigned_16": "ERROR",
            "unity_test/tests/test_VectorIdiv_stage19_complete.py:65-79::test_api_vector_division_signed_16": "ERROR",
            "unity_test/tests/test_VectorIdiv_stage19_complete.py:82-96::test_api_vector_division_unsigned_32": "ERROR",
            "unity_test/tests/test_VectorIdiv_stage19_complete.py:99-113::test_api_vector_division_signed_32": "ERROR",
            "unity_test/tests/test_VectorIdiv_stage19_complete.py:116-130::test_api_vector_division_unsigned_64": "ERROR",
            "unity_test/tests/test_VectorIdiv_stage19_complete.py:133-147::test_api_vector_division_signed_64": "ERROR",
            "unity_test/tests/test_VectorIdiv_stage19_complete.py:150-164::test_api_vector_division_parallel": "ERROR",
            "unity_test/tests/test_VectorIdiv_stage19_complete.py:167-181::test_api_vector_division_quotient": "ERROR",
            "unity_test/tests/test_VectorIdiv_stage19_complete.py:184-198::test_api_vector_division_remainder": "ERROR",
            "unity_test/tests/test_VectorIdiv_stage19_complete.py:201-217::test_api_vector_division_identity": "ERROR",
            "unity_test/tests/test_VectorIdiv_stage19_complete.py:220-235::test_basic_signed_division_positive_pos": "ERROR",
            "unity_test/tests/test_VectorIdiv_stage19_complete.py:238-253::test_basic_signed_division_positive_neg": "ERROR",
            "unity_test/tests/test_VectorIdiv_stage19_complete.py:256-271::test_basic_signed_division_negative_pos": "ERROR",
            "unity_test/tests/test_VectorIdiv_stage19_complete.py:274-289::test_basic_signed_division_negative_neg": "ERROR",
            "unity_test/tests/test_VectorIdiv_stage19_complete.py:292-307::test_basic_signed_division_trunc_toward_zero": "ERROR",
            "unity_test/tests/test_VectorIdiv_stage19_complete.py:310-325::test_basic_signed_division_remainder_sign": "ERROR",
            "unity_test/tests/test_VectorIdiv_stage19_complete.py:328-342::test_basic_signed_division_precision_8": "ERROR",
            "unity_test/tests/test_VectorIdiv_stage19_complete.py:345-359::test_basic_signed_division_precision_16": "ERROR",
            "unity_test/tests/test_VectorIdiv_stage19_complete.py:362-376::test_basic_signed_division_precision_32": "ERROR",
            "unity_test/tests/test_VectorIdiv_stage19_complete.py:379-393::test_basic_signed_division_precision_64": "ERROR",
            "unity_test/tests/test_VectorIdiv_stage19_complete.py:396-410::test_basic_unsigned_division_basic": "ERROR",
            "unity_test/tests/test_VectorIdiv_stage19_complete.py:413-427::test_basic_unsigned_division_large_numbers": "ERROR",
            "unity_test/tests/test_VectorIdiv_stage19_complete.py:430-446::test_basic_unsigned_division_zero_dividend": "ERROR",
            "unity_test/tests/test_VectorIdiv_stage19_complete.py:449-465::test_basic_unsigned_division_unity_divisor": "ERROR",
            "unity_test/tests/test_VectorIdiv_stage19_complete.py:468-482::test_basic_unsigned_division_precision_8": "ERROR",
            "unity_test/tests/test_VectorIdiv_stage19_complete.py:485-499::test_basic_unsigned_division_precision_16": "ERROR",
            "unity_test/tests/test_VectorIdiv_stage19_complete.py:502-516::test_basic_unsigned_division_precision_32": "ERROR",
            "unity_test/tests/test_VectorIdiv_stage19_complete.py:519-533::test_basic_unsigned_division_precision_64": "ERROR",
            "unity_test/tests/test_VectorIdiv_stage19_complete.py:536-551::test_boundary_divide_by_zero_detection": "ERROR",
            "unity_test/tests/test_VectorIdiv_stage19_complete.py:554-576::test_boundary_divide_by_zero_dzero_flags": "ERROR",
            "unity_test/tests/test_VectorIdiv_stage19_complete.py:579-595::test_boundary_divide_by_zero_quotient_ones": "ERROR",
            "unity_test/tests/test_VectorIdiv_stage19_complete.py:598-613::test_boundary_divide_by_zero_remainder_dividend": "ERROR",
            "unity_test/tests/test_VectorIdiv_stage19_complete.py:616-633::test_boundary_divide_by_zero_partial_zero": "ERROR",
            "unity_test/tests/test_VectorIdiv_stage19_complete.py:636-653::test_boundary_divide_by_zero_all_zero": "ERROR",
            "unity_test/tests/test_VectorIdiv_stage19_complete.py:656-673::test_boundary_divide_by_zero_mixed_zero": "ERROR",
            "unity_test/tests/test_VectorIdiv_stage19_complete.py:676-690::test_boundary_overflow_detection": "ERROR",
            "unity_test/tests/test_VectorIdiv_stage19_complete.py:693-714::test_boundary_overflow_min_neg_div_minus1": "ERROR",
            "unity_test/tests/test_VectorIdiv_stage19_complete.py:717-732::test_boundary_overflow_quotient_dividend": "ERROR",
            "unity_test/tests/test_VectorIdiv_stage19_complete.py:735-750::test_boundary_overflow_remainder_zero": "ERROR",
            "unity_test/tests/test_VectorIdiv_stage19_complete.py:753-776::test_boundary_overflow_no_unsigned_overflow": "ERROR",
            "unity_test/tests/test_VectorIdiv_stage19_complete.py:779-795::test_boundary_overflow_precision_8": "ERROR",
            "unity_test/tests/test_VectorIdiv_stage19_complete.py:798-814::test_boundary_overflow_precision_16": "ERROR",
            "unity_test/tests/test_VectorIdiv_stage19_complete.py:817-833::test_boundary_overflow_precision_32": "ERROR",
            "unity_test/tests/test_VectorIdiv_stage19_complete.py:836-852::test_boundary_overflow_precision_64": "ERROR",
            "unity_test/tests/test_VectorIdiv_stage19_complete.py:855-869::test_vectorization_parallel_single_element": "ERROR",
            "unity_test/tests/test_VectorIdiv_stage19_complete.py:872-886::test_vectorization_parallel_multiple_elements": "ERROR",
            "unity_test/tests/test_VectorIdiv_stage19_complete.py:889-903::test_vectorization_parallel_element_independence": "ERROR",
            "unity_test/tests/test_VectorIdiv_stage19_complete.py:906-920::test_vectorization_parallel_mixed_operations": "ERROR",
            "unity_test/tests/test_VectorIdiv_stage19_complete.py:923-937::test_vectorization_parallel_max_parallelism": "ERROR",
            "unity_test/tests/test_VectorIdiv_stage19_complete.py:940-954::test_vectorization_parallel_uniform_sew": "ERROR",
            "unity_test/tests/test_VectorIdiv_stage19_complete.py:957-971::test_vectorization_parallel_uniform_sign": "ERROR",
            "unity_test/tests/test_VectorIdiv_stage19_complete.py:974-988::test_vectorization_data_packing": "ERROR",
            "unity_test/tests/test_VectorIdiv_stage19_complete.py:991-1005::test_vectorization_data_unpacking": "ERROR",
            "unity_test/tests/test_VectorIdiv_stage19_complete.py:1008-1022::test_vectorization_element_alignment": "ERROR",
            "unity_test/tests/test_VectorIdiv_stage19_complete.py:1025-1039::test_vectorization_sew_consistency": "ERROR",
            "unity_test/tests/test_VectorIdiv_stage19_complete.py:1042-1056::test_vectorization_cross_lane": "ERROR",
            "unity_test/tests/test_VectorIdiv_stage19_complete.py:1059-1073::test_vectorization_partial_vector": "ERROR",
            "unity_test/tests/test_VectorIdiv_stage19_complete.py:1076-1090::test_pipeline_handshake_input": "ERROR",
            "unity_test/tests/test_VectorIdiv_stage19_complete.py:1093-1107::test_pipeline_handshake_output": "ERROR",
            "unity_test/tests/test_VectorIdiv_stage19_complete.py:1110-1124::test_pipeline_handshake_backpressure": "ERROR",
            "unity_test/tests/test_VectorIdiv_stage19_complete.py:1127-1141::test_pipeline_handshake_stall": "ERROR",
            "unity_test/tests/test_VectorIdiv_stage19_complete.py:1144-1158::test_pipeline_handshake_timing": "ERROR",
            "unity_test/tests/test_VectorIdiv_stage19_complete.py:1161-1175::test_pipeline_handshake_data_validity": "ERROR",
            "unity_test/tests/test_VectorIdiv_stage19_complete.py:1178-1192::test_pipeline_operation_advance": "ERROR",
            "unity_test/tests/test_VectorIdiv_stage19_complete.py:1195-1209::test_pipeline_operation_flush": "ERROR",
            "unity_test/tests/test_VectorIdiv_stage19_complete.py:1212-1226::test_pipeline_operation_flush_timing": "ERROR",
            "unity_test/tests/test_VectorIdiv_stage19_complete.py:1229-1243::test_pipeline_operation_overlap": "ERROR",
            "unity_test/tests/test_VectorIdiv_stage19_complete.py:1246-1260::test_pipeline_operation_latency": "ERROR",
            "unity_test/tests/test_VectorIdiv_stage19_complete.py:1263-1277::test_pipeline_operation_throughput": "ERROR",
            "unity_test/tests/test_VectorIdiv_stage19_complete.py:1280-1294::test_pipeline_state_idle": "ERROR",
            "unity_test/tests/test_VectorIdiv_stage19_complete.py:1297-1311::test_pipeline_state_busy": "ERROR",
            "unity_test/tests/test_VectorIdiv_stage19_complete.py:1314-1328::test_pipeline_state_error": "ERROR",
            "unity_test/tests/test_VectorIdiv_stage19_complete.py:1331-1345::test_pipeline_state_transition": "ERROR",
            "unity_test/tests/test_VectorIdiv_stage19_complete.py:1348-1362::test_pipeline_state_reset_recovery": "ERROR",
            "unity_test/tests/test_VectorIdiv_stage19_complete.py:1365-1379::test_pipeline_state_exception": "ERROR",
            "unity_test/tests/test_VectorIdiv_stage19_complete.py:1382-1396::test_config_precision_sew_00": "ERROR",
            "unity_test/tests/test_VectorIdiv_stage19_complete.py:1399-1413::test_config_precision_sew_01": "ERROR",
            "unity_test/tests/test_VectorIdiv_stage19_complete.py:1416-1430::test_config_precision_sew_10": "ERROR",
            "unity_test/tests/test_VectorIdiv_stage19_complete.py:1433-1447::test_config_precision_sew_11": "ERROR",
            "unity_test/tests/test_VectorIdiv_stage19_complete.py:1450-1464::test_config_precision_sew_switch": "ERROR",
            "unity_test/tests/test_VectorIdiv_stage19_complete.py:1467-1481::test_config_precision_invalid_sew": "ERROR",
            "unity_test/tests/test_VectorIdiv_stage19_complete.py:1484-1498::test_config_sign_unsigned_mode": "ERROR",
            "unity_test/tests/test_VectorIdiv_stage19_complete.py:1501-1515::test_config_sign_signed_mode": "ERROR",
            "unity_test/tests/test_VectorIdiv_stage19_complete.py:1518-1532::test_config_sign_switch": "ERROR",
            "unity_test/tests/test_VectorIdiv_stage19_complete.py:1535-1549::test_config_sign_mixed_sign": "ERROR",
            "unity_test/tests/test_VectorIdiv_vectorization.py:11-34::test_parallel_single_element": "ERROR",
            "unity_test/tests/test_VectorIdiv_vectorization.py:37-59::test_parallel_multiple_elements": "ERROR",
            "unity_test/tests/test_VectorIdiv_vectorization.py:62-84::test_parallel_element_independence": "ERROR",
            "unity_test/tests/test_VectorIdiv_vectorization.py:87-109::test_parallel_mixed_operations": "ERROR",
            "unity_test/tests/test_VectorIdiv_vectorization.py:112-135::test_parallel_max_parallelism": "ERROR",
            "unity_test/tests/test_VectorIdiv_vectorization.py:138-161::test_parallel_uniform_sew": "ERROR",
            "unity_test/tests/test_VectorIdiv_vectorization.py:164-186::test_parallel_uniform_sign": "ERROR",
            "unity_test/tests/test_VectorIdiv_vectorization.py:189-212::test_vector_data_packing": "ERROR",
            "unity_test/tests/test_VectorIdiv_vectorization.py:215-238::test_vector_data_unpacking": "ERROR",
            "unity_test/tests/test_VectorIdiv_vectorization.py:241-264::test_vector_element_alignment": "ERROR",
            "unity_test/tests/test_VectorIdiv_vectorization.py:267-289::test_vector_sew_consistency": "ERROR",
            "unity_test/tests/test_VectorIdiv_vectorization.py:292-314::test_vector_cross_lane": "ERROR",
            "unity_test/tests/test_VectorIdiv_vectorization.py:317-339::test_vector_partial_vector": "ERROR",
            "unity_test/tests/test_bugs.py:8-37::test_Bug_1": "ERROR",
            "unity_test/tests/test_bugs.py:39-93::test_Bug_2": "ERROR",
            "unity_test/tests/test_bugs.py:95-123::test_Bug_3": "ERROR",
            "unity_test/tests/test_bugs.py:125-209::test_Bug_4": "ERROR",
            "unity_test/tests/test_bugs.py:211-257::test_Bug_5": "ERROR",
            "unity_test/tests/test_stage21_verification.py:11-32::test_stage21_test_implementation_complete": "ERROR",
            "unity_test/tests/test_stage21_verification.py:34-52::test_stage21_bug_analysis_complete": "ERROR",
            "unity_test/tests/test_stage21_verification.py:54-76::test_stage21_confidence_zero_analysis_complete": "ERROR",
            "unity_test/tests/test_stage21_verification.py:78-92::test_stage21_hardware_issue_identified": "ERROR",
            "unity_test/tests/test_stage21_verification.py:94-106::test_stage21_no_bug_fixes_attempted": "ERROR",
            "unity_test/tests/test_stage21_verification.py:108-122::test_stage21_documentation_complete": "ERROR"
        }
    },
    "total_funct_point": 12,
    "total_check_point": 87,
    "failed_funct_point": 0,
    "failed_check_point": 0,
    "failed_test_case_with_check_point_list": {
        "unity_test/tests/test_VectorIdiv_api_basic.py:97-145::test_api_VectorIdiv_divide_different_precisions": [
            "FG-API/FC-VECTOR-DIVISION/CK-UNSIGNED-8",
            "FG-API/FC-VECTOR-DIVISION/CK-SIGNED-8",
            "FG-API/FC-VECTOR-DIVISION/CK-UNSIGNED-16",
            "FG-API/FC-VECTOR-DIVISION/CK-SIGNED-16",
            "FG-API/FC-VECTOR-DIVISION/CK-UNSIGNED-64",
            "FG-API/FC-VECTOR-DIVISION/CK-SIGNED-64",
            "FG-API/FC-VECTOR-DIVISION/CK-QUOTIENT",
            "FG-API/FC-VECTOR-DIVISION/CK-REMAINDER",
            "FG-API/FC-VECTOR-DIVISION/CK-IDENTITY"
        ],
        "unity_test/tests/test_VectorIdiv_api_basic.py:338-378::test_api_VectorIdiv_basic_operation": [
            "FG-API/FC-VECTOR-DIVISION/CK-UNSIGNED-32",
            "FG-API/FC-VECTOR-DIVISION/CK-QUOTIENT",
            "FG-API/FC-VECTOR-DIVISION/CK-REMAINDER",
            "FG-API/FC-VECTOR-DIVISION/CK-IDENTITY"
        ],
        "unity_test/tests/test_VectorIdiv_api_basic.py:7-44::test_api_VectorIdiv_divide_basic_unsigned": [
            "FG-API/FC-VECTOR-DIVISION/CK-UNSIGNED-32",
            "FG-API/FC-VECTOR-DIVISION/CK-QUOTIENT",
            "FG-API/FC-VECTOR-DIVISION/CK-REMAINDER",
            "FG-API/FC-VECTOR-DIVISION/CK-IDENTITY"
        ],
        "unity_test/tests/test_VectorIdiv_api_basic.py:47-94::test_api_VectorIdiv_divide_basic_signed": [
            "FG-API/FC-VECTOR-DIVISION/CK-SIGNED-32",
            "FG-API/FC-VECTOR-DIVISION/CK-QUOTIENT",
            "FG-API/FC-VECTOR-DIVISION/CK-REMAINDER",
            "FG-API/FC-VECTOR-DIVISION/CK-IDENTITY"
        ],
        "unity_test/tests/test_VectorIdiv_api_basic.py:148-183::test_api_VectorIdiv_divide_by_zero": [
            "FG-API/FC-VECTOR-DIVISION/CK-SIGNED-32",
            "FG-API/FC-VECTOR-DIVISION/CK-QUOTIENT",
            "FG-API/FC-VECTOR-DIVISION/CK-REMAINDER",
            "FG-API/FC-VECTOR-DIVISION/CK-IDENTITY"
        ],
        "unity_test/tests/test_VectorIdiv_api_basic.py:186-224::test_api_VectorIdiv_vector_division": [
            "FG-API/FC-VECTOR-DIVISION/CK-PARALLEL",
            "FG-API/FC-VECTOR-DIVISION/CK-QUOTIENT",
            "FG-API/FC-VECTOR-DIVISION/CK-REMAINDER",
            "FG-API/FC-VECTOR-DIVISION/CK-IDENTITY"
        ]
    },
    "all_check_point_list": [
        "FG-API/FC-VECTOR-DIVISION/CK-UNSIGNED-8",
        "FG-API/FC-VECTOR-DIVISION/CK-SIGNED-8",
        "FG-API/FC-VECTOR-DIVISION/CK-UNSIGNED-16",
        "FG-API/FC-VECTOR-DIVISION/CK-SIGNED-16",
        "FG-API/FC-VECTOR-DIVISION/CK-UNSIGNED-32",
        "FG-API/FC-VECTOR-DIVISION/CK-SIGNED-32",
        "FG-API/FC-VECTOR-DIVISION/CK-UNSIGNED-64",
        "FG-API/FC-VECTOR-DIVISION/CK-SIGNED-64",
        "FG-API/FC-VECTOR-DIVISION/CK-PARALLEL",
        "FG-API/FC-VECTOR-DIVISION/CK-QUOTIENT",
        "FG-API/FC-VECTOR-DIVISION/CK-REMAINDER",
        "FG-API/FC-VECTOR-DIVISION/CK-IDENTITY",
        "FG-BASIC-DIVISION/FC-SIGNED-DIV/CK-POSITIVE-POS",
        "FG-BASIC-DIVISION/FC-SIGNED-DIV/CK-POSITIVE-NEG",
        "FG-BASIC-DIVISION/FC-SIGNED-DIV/CK-NEGATIVE-POS",
        "FG-BASIC-DIVISION/FC-SIGNED-DIV/CK-NEGATIVE-NEG",
        "FG-BASIC-DIVISION/FC-SIGNED-DIV/CK-TRUNC-TOWARD-ZERO",
        "FG-BASIC-DIVISION/FC-SIGNED-DIV/CK-REMAINDER-SIGN",
        "FG-BASIC-DIVISION/FC-SIGNED-DIV/CK-PRECISION-8",
        "FG-BASIC-DIVISION/FC-SIGNED-DIV/CK-PRECISION-16",
        "FG-BASIC-DIVISION/FC-SIGNED-DIV/CK-PRECISION-32",
        "FG-BASIC-DIVISION/FC-SIGNED-DIV/CK-PRECISION-64",
        "FG-BASIC-DIVISION/FC-UNSIGNED-DIV/CK-BASIC",
        "FG-BASIC-DIVISION/FC-UNSIGNED-DIV/CK-LARGE-NUMBERS",
        "FG-BASIC-DIVISION/FC-UNSIGNED-DIV/CK-ZERO-DIVIDEND",
        "FG-BASIC-DIVISION/FC-UNSIGNED-DIV/CK-UNITY-DIVISOR",
        "FG-BASIC-DIVISION/FC-UNSIGNED-DIV/CK-PRECISION-8",
        "FG-BASIC-DIVISION/FC-UNSIGNED-DIV/CK-PRECISION-16",
        "FG-BASIC-DIVISION/FC-UNSIGNED-DIV/CK-PRECISION-32",
        "FG-BASIC-DIVISION/FC-UNSIGNED-DIV/CK-PRECISION-64",
        "FG-BOUNDARY-HANDLING/FC-DIVIDE-BY-ZERO/CK-ZERO-DETECTION",
        "FG-BOUNDARY-HANDLING/FC-DIVIDE-BY-ZERO/CK-DZERO-FLAGS",
        "FG-BOUNDARY-HANDLING/FC-DIVIDE-BY-ZERO/CK-QUOTIENT-ONES",
        "FG-BOUNDARY-HANDLING/FC-DIVIDE-BY-ZERO/CK-REMAINDER-DIVIDEND",
        "FG-BOUNDARY-HANDLING/FC-DIVIDE-BY-ZERO/CK-PARTIAL-ZERO",
        "FG-BOUNDARY-HANDLING/FC-DIVIDE-BY-ZERO/CK-ALL-ZERO",
        "FG-BOUNDARY-HANDLING/FC-DIVIDE-BY-ZERO/CK-MIXED-ZERO",
        "FG-BOUNDARY-HANDLING/FC-OVERFLOW-HANDLING/CK-OVERFLOW-DETECTION",
        "FG-BOUNDARY-HANDLING/FC-OVERFLOW-HANDLING/CK-MIN-NEG-DIV-MINUS1",
        "FG-BOUNDARY-HANDLING/FC-OVERFLOW-HANDLING/CK-QUOTIENT-DIVIDEND",
        "FG-BOUNDARY-HANDLING/FC-OVERFLOW-HANDLING/CK-REMAINDER-ZERO",
        "FG-BOUNDARY-HANDLING/FC-OVERFLOW-HANDLING/CK-NO-UNSIGNED-OVERFLOW",
        "FG-BOUNDARY-HANDLING/FC-OVERFLOW-HANDLING/CK-PRECISION-8",
        "FG-BOUNDARY-HANDLING/FC-OVERFLOW-HANDLING/CK-PRECISION-16",
        "FG-BOUNDARY-HANDLING/FC-OVERFLOW-HANDLING/CK-PRECISION-32",
        "FG-BOUNDARY-HANDLING/FC-OVERFLOW-HANDLING/CK-PRECISION-64",
        "FG-PIPELINE-CONTROL/FC-HANDSHAKE-PROTOCOL/CK-INPUT-HANDSHAKE",
        "FG-PIPELINE-CONTROL/FC-HANDSHAKE-PROTOCOL/CK-OUTPUT-HANDSHAKE",
        "FG-PIPELINE-CONTROL/FC-HANDSHAKE-PROTOCOL/CK-BACKPRESSURE",
        "FG-PIPELINE-CONTROL/FC-HANDSHAKE-PROTOCOL/CK-STALL-CONDITION",
        "FG-PIPELINE-CONTROL/FC-HANDSHAKE-PROTOCOL/CK-READY-VALID-TIMING",
        "FG-PIPELINE-CONTROL/FC-HANDSHAKE-PROTOCOL/CK-DATA-VALIDITY",
        "FG-PIPELINE-CONTROL/FC-PIPELINE-OPERATION/CK-PIPELINE-ADVANCE",
        "FG-PIPELINE-CONTROL/FC-PIPELINE-OPERATION/CK-FLUSH-OPERATION",
        "FG-PIPELINE-CONTROL/FC-PIPELINE-OPERATION/CK-FLUSH-TIMING",
        "FG-PIPELINE-CONTROL/FC-PIPELINE-OPERATION/CK-OPERATION-OVERLAP",
        "FG-PIPELINE-CONTROL/FC-PIPELINE-OPERATION/CK-LATENCY-CONSISTENCY",
        "FG-PIPELINE-CONTROL/FC-PIPELINE-OPERATION/CK-THROUGHPUT",
        "FG-PIPELINE-CONTROL/FC-STATE-CONTROL/CK-IDLE-STATE",
        "FG-PIPELINE-CONTROL/FC-STATE-CONTROL/CK-BUSY-STATE",
        "FG-PIPELINE-CONTROL/FC-STATE-CONTROL/CK-ERROR-STATE",
        "FG-PIPELINE-CONTROL/FC-STATE-CONTROL/CK-STATE-TRANSITION",
        "FG-PIPELINE-CONTROL/FC-STATE-CONTROL/CK-RESET-RECOVERY",
        "FG-PIPELINE-CONTROL/FC-STATE-CONTROL/CK-EXCEPTION-HANDLING",
        "FG-VECTORIZATION/FC-PARALLEL-OPERATION/CK-SINGLE-ELEMENT",
        "FG-VECTORIZATION/FC-PARALLEL-OPERATION/CK-MULTIPLE-ELEMENTS",
        "FG-VECTORIZATION/FC-PARALLEL-OPERATION/CK-ELEMENT-INDEPENDENCE",
        "FG-VECTORIZATION/FC-PARALLEL-OPERATION/CK-MIXED-OPERATIONS",
        "FG-VECTORIZATION/FC-PARALLEL-OPERATION/CK-MAX-PARALLELISM",
        "FG-VECTORIZATION/FC-PARALLEL-OPERATION/CK-UNIFORM-SEW",
        "FG-VECTORIZATION/FC-PARALLEL-OPERATION/CK-UNIFORM-SIGN",
        "FG-VECTORIZATION/FC-VECTOR-DATA-MANAGEMENT/CK-DATA-PACKING",
        "FG-VECTORIZATION/FC-VECTOR-DATA-MANAGEMENT/CK-DATA-UNPACKING",
        "FG-VECTORIZATION/FC-VECTOR-DATA-MANAGEMENT/CK-ELEMENT-ALIGNMENT",
        "FG-VECTORIZATION/FC-VECTOR-DATA-MANAGEMENT/CK-SEW-CONSISTENCY",
        "FG-VECTORIZATION/FC-VECTOR-DATA-MANAGEMENT/CK-CROSS-LANE",
        "FG-VECTORIZATION/FC-VECTOR-DATA-MANAGEMENT/CK-PARTIAL-VECTOR",
        "FG-CONFIGURATION-CONTROL/FC-PRECISION-CONFIG/CK-SEW-00",
        "FG-CONFIGURATION-CONTROL/FC-PRECISION-CONFIG/CK-SEW-01",
        "FG-CONFIGURATION-CONTROL/FC-PRECISION-CONFIG/CK-SEW-10",
        "FG-CONFIGURATION-CONTROL/FC-PRECISION-CONFIG/CK-SEW-11",
        "FG-CONFIGURATION-CONTROL/FC-PRECISION-CONFIG/CK-SEW-SWITCH",
        "FG-CONFIGURATION-CONTROL/FC-PRECISION-CONFIG/CK-INVALID-SEW",
        "FG-CONFIGURATION-CONTROL/FC-SIGN-CONFIG/CK-UNSIGNED-MODE",
        "FG-CONFIGURATION-CONTROL/FC-SIGN-CONFIG/CK-SIGNED-MODE",
        "FG-CONFIGURATION-CONTROL/FC-SIGN-CONFIG/CK-SIGN-SWITCH",
        "FG-CONFIGURATION-CONTROL/FC-SIGN-CONFIG/CK-MIXED-SIGN"
    ],
    "unmarked_check_points": 0,
    "test_function_with_no_check_point_mark": 0
}