TN:verilator_coverage
SF:/home/parallels/UCAgent/output/VectorIdiv/VectorIdiv.v
DA:3,184118
DA:4,92528
DA:5,36
DA:6,150960
DA:7,367339
DA:8,282193
DA:9,439568
DA:10,15
DA:11,96594
DA:12,103777
DA:31,10353776
DA:32,64
DA:33,40
DA:34,199423
DA:35,183056
DA:36,48
DA:37,92539
DA:38,800096
DA:39,800104
DA:40,800096
DA:41,95852
DA:42,121349
DA:48,43
DA:49,96594
DA:50,367339
DA:51,282193
DA:52,28
DA:53,40
DA:54,32
DA:55,559980
DA:56,199421
DA:57,183056
DA:58,54
DA:59,192892
DA:60,92524
DA:61,92539
DA:62,185889
DA:63,185904
DA:64,327758
DA:66,164770
DA:67,44
DA:68,36
DA:69,150960
DA:70,95852
DA:71,121349
DA:72,92522
DA:74,5176896
DA:75,176
DA:76,176
DA:77,24
DA:78,24
DA:79,400040
DA:80,400040
DA:81,400045
DA:82,400045
DA:83,655453
DA:84,655453
DA:85,400041
DA:86,400041
DA:87,400016
DA:88,400016
DA:89,1055527
DA:90,400062
DA:91,57710
DA:92,342352
DA:94,57710
DA:97,655465
DA:99,1055527
DA:100,1055527
DA:101,1055527
DA:102,1055527
DA:103,1055527
DA:104,1055527
DA:105,1055527
DA:106,400062
DA:107,400062
DA:108,400062
DA:109,400062
DA:110,400062
DA:111,400062
DA:112,400062
DA:113,400062
DA:114,1055527
DA:115,400062
DA:116,400062
DA:118,655465
DA:120,400062
DA:121,400062
DA:122,400062
DA:123,400062
DA:124,400062
DA:126,400064
DA:127,400064
DA:128,400064
DA:129,400064
DA:130,400064
DA:131,400064
DA:132,400064
DA:133,400064
DA:134,400064
DA:155,233593
DA:156,16
DA:157,15
DA:158,17
DA:159,20
DA:175,186135
DA:176,113408
DA:177,38
DA:178,5044
DA:179,125303
DA:182,5030
DA:183,56479
DA:184,91346
DA:185,340672
DA:186,375360
DA:187,383716
DA:188,403908
DA:189,406674
DA:190,417790
DA:191,423969
DA:192,430302
DA:193,431616
DA:194,430822
DA:195,429507
DA:196,431475
DA:197,433946
DA:198,458047
DA:199,406704
DA:200,401952
DA:201,336373
DA:202,379802
DA:203,424133
DA:253,1619968
DA:254,1464076
DA:255,1113116
DA:256,1929720
DA:257,1419737
DA:260,2145180
DA:261,2139420
DA:262,2147652
DA:263,2143188
DA:264,2136752
DA:265,2135516
DA:266,2224424
DA:267,1940816
DA:289,1836270
DA:290,1961998
DA:291,1999433
DA:292,1834087
DA:293,656410
DA:305,113538
DA:306,66821
DA:307,95927
DA:308,35246
DA:309,91645
DA:310,132616
DA:311,58907
DA:312,58917
DA:313,119986
DA:314,141819
DA:315,32
DA:316,39
DA:317,36
DA:318,39
DA:319,138077
DA:320,133829
DA:321,47969
DA:322,58913
DA:323,133059
DA:324,100929
DA:325,28394
DA:326,91328
DA:327,404992
DA:328,366019
DA:329,292914
DA:330,41
DA:331,269360
DA:332,40
DA:333,294402
DA:334,48
DA:335,204727
DA:336,36
DA:337,457145
DA:338,22
DA:339,465136
DA:340,19
DA:341,505667
DA:342,20
DA:343,501772
DA:344,24
DA:409,10580216
DA:410,596
DA:411,6433754
DA:412,10764860
DA:413,5926950
DA:416,10580192
DA:417,12874156
DA:418,12885988
DA:419,12866960
DA:420,12843732
DA:421,12887248
DA:422,12877296
DA:423,12840640
DA:424,12857004
DA:448,113538
DA:449,166321
DA:450,161781
DA:451,157351
DA:452,162755
DA:453,147626
DA:454,145911
DA:455,162285
DA:456,170484
DA:457,30
DA:458,36
DA:459,35
DA:460,34
DA:461,170213
DA:462,162494
DA:463,144802
DA:464,147593
DA:465,162653
DA:466,161551
DA:467,157652
DA:468,167551
DA:469,6690
DA:470,6685
DA:471,54
DA:472,58919
DA:473,66821
DA:474,423866
DA:475,32
DA:476,113538
DA:477,287196
DA:478,43
DA:479,283838
DA:480,41
DA:481,279917
DA:482,42
DA:483,277862
DA:484,42
DA:485,300395
DA:486,35
DA:487,295225
DA:488,46
DA:489,289320
DA:490,41
DA:491,283195
DA:492,43
DA:493,272297
DA:494,39
DA:495,279906
DA:496,44
DA:497,286656
DA:498,33
DA:499,292892
DA:500,48
DA:501,293644
DA:502,38
DA:503,287681
DA:504,37
DA:505,277773
DA:506,42
DA:507,273400
DA:508,38
DA:509,294285
DA:510,29
DA:511,291589
DA:512,40
DA:513,291141
DA:514,36
DA:515,287356
DA:516,44
DA:517,449068
DA:518,23
DA:519,449067
DA:520,21
DA:521,449065
DA:522,23
DA:523,449066
DA:524,19
DA:525,449346
DA:526,24
DA:527,449344
DA:528,23
DA:529,449344
DA:530,22
DA:531,449337
DA:532,22
DA:533,445023
DA:534,21
DA:535,445013
DA:536,18
DA:537,445031
DA:538,23
DA:539,445025
DA:540,19
DA:541,449287
DA:542,21
DA:543,449281
DA:544,19
DA:545,449274
DA:546,22
DA:547,449273
DA:548,23
DA:549,449169
DA:550,16
DA:551,449166
DA:552,17
DA:553,449180
DA:554,21
DA:555,449179
DA:556,21
DA:592,20
DA:593,22
DA:594,21
DA:595,22
DA:596,296275
DA:600,280910
DA:604,286260
DA:608,295466
DA:862,379760
DA:863,228896
DA:864,259257
DA:865,404992
DA:866,302215
DA:869,378996
DA:870,382777
DA:871,386208
DA:872,387132
DA:873,387961
DA:874,388289
DA:875,387729
DA:876,388268
DA:877,396317
DA:878,439833
DA:879,342584
DA:907,80234
DA:908,355308
DA:909,336527
DA:910,277400
DA:911,294060
DA:914,24
DA:915,16
DA:916,24
DA:917,24
DA:929,59238
DA:930,23656
DA:931,62189
DA:932,80148
DA:933,43002
DA:934,43007
DA:935,62183
DA:936,85188
DA:937,16
DA:938,18
DA:939,15
DA:940,20
DA:941,83077
DA:942,75572
DA:943,31212
DA:944,43002
DA:945,80272
DA:946,67542
DA:947,19631
DA:948,56457
DA:949,95254
DA:950,92979
DA:951,91284
DA:952,95161
DA:953,88255
DA:954,87123
DA:955,94594
DA:956,96127
DA:957,14
DA:958,17
DA:959,17
DA:960,16
DA:961,95802
DA:962,95518
DA:963,86411
DA:964,88230
DA:965,95125
DA:966,92986
DA:967,91322
DA:968,95820
DA:969,14
DA:970,18
DA:971,16
DA:972,20
DA:973,6656
DA:974,6654
DA:975,32
DA:976,43014
DA:977,85454
DA:978,85458
DA:979,85899
DA:980,85898
DA:981,197310
DA:982,161452
DA:983,132467
DA:984,143888
DA:985,117754
DA:986,19
DA:987,105868
DA:988,21
DA:989,121574
DA:990,25
DA:991,83139
DA:992,21
DA:993,229136
DA:994,14
DA:995,232081
DA:996,11
DA:997,242330
DA:998,10
DA:999,244998
DA:1000,11
DA:1001,115932
DA:1002,23
DA:1003,113956
DA:1004,22
DA:1005,111612
DA:1006,17
DA:1007,110571
DA:1008,20
DA:1009,123411
DA:1010,20
DA:1011,119463
DA:1012,27
DA:1013,115887
DA:1014,20
DA:1015,112778
DA:1016,21
DA:1017,108095
DA:1018,24
DA:1019,112824
DA:1020,21
DA:1021,117068
DA:1022,16
DA:1023,120568
DA:1024,24
DA:1025,119978
DA:1026,22
DA:1027,116330
DA:1028,14
DA:1029,110906
DA:1030,20
DA:1031,108209
DA:1032,18
DA:1033,119433
DA:1034,17
DA:1035,117005
DA:1036,19
DA:1037,116520
DA:1038,18
DA:1039,115148
DA:1040,26
DA:1041,203747
DA:1042,14
DA:1043,203752
DA:1044,12
DA:1045,203744
DA:1046,13
DA:1047,203749
DA:1048,11
DA:1049,203576
DA:1050,13
DA:1051,203577
DA:1052,10
DA:1053,203575
DA:1054,11
DA:1055,203572
DA:1056,11
DA:1057,200983
DA:1058,10
DA:1059,200978
DA:1060,10
DA:1061,200985
DA:1062,10
DA:1063,200988
DA:1064,10
DA:1065,203543
DA:1066,9
DA:1067,203540
DA:1068,11
DA:1069,203532
DA:1070,13
DA:1071,203535
DA:1072,12
DA:1073,203803
DA:1074,8
DA:1075,203802
DA:1076,5
DA:1077,203808
DA:1078,12
DA:1079,203810
DA:1080,10
DA:1081,115423
DA:1082,36365
DA:1083,8
DA:1084,8
DA:1302,5176888
DA:1303,32
DA:1304,20
DA:1305,99427
DA:1306,86127
DA:1307,24
DA:1308,43004
DA:1309,16
DA:1310,400048
DA:1311,400052
DA:1312,400046
DA:1313,45485
DA:1314,111418
DA:1373,219377
DA:1374,25
DA:1375,197310
DA:1376,161452
DA:1377,117754
DA:1378,19
DA:1379,105868
DA:1380,21
DA:1381,121574
DA:1382,25
DA:1383,83139
DA:1384,21
DA:1385,115932
DA:1386,23
DA:1387,113956
DA:1388,22
DA:1389,111612
DA:1390,17
DA:1391,110571
DA:1392,20
DA:1393,123411
DA:1394,20
DA:1395,119463
DA:1396,27
DA:1397,115887
DA:1398,20
DA:1399,112778
DA:1400,21
DA:1401,108095
DA:1402,24
DA:1403,112824
DA:1404,21
DA:1405,117068
DA:1406,16
DA:1407,120568
DA:1408,24
DA:1409,119978
DA:1410,22
DA:1411,116330
DA:1412,14
DA:1413,110906
DA:1414,20
DA:1415,108209
DA:1416,18
DA:1417,119433
DA:1418,17
DA:1419,117005
DA:1420,19
DA:1421,116520
DA:1422,18
DA:1423,115148
DA:1424,26
DA:1425,115423
DA:1426,36365
DA:1427,99435
DA:1428,86122
DA:1429,48549
DA:1430,43004
DA:1431,22
DA:1432,13461
DA:1433,11
DA:1435,255390
DA:1436,96485
DA:1437,240646
DA:1442,14
DA:1443,18
DA:1444,16
DA:1445,20
DA:1446,85454
DA:1447,85458
DA:1448,85899
DA:1449,85898
DA:1450,6656
DA:1451,6654
DA:1452,32
DA:1453,43014
DA:1454,59238
DA:1455,23656
DA:1456,62189
DA:1457,80148
DA:1458,43002
DA:1459,43007
DA:1460,62183
DA:1461,85188
DA:1462,16
DA:1463,18
DA:1464,15
DA:1465,20
DA:1466,83077
DA:1467,75572
DA:1468,31212
DA:1469,43002
DA:1470,80272
DA:1471,67542
DA:1472,19631
DA:1473,56457
DA:1474,95254
DA:1475,92979
DA:1476,91284
DA:1477,95161
DA:1478,88255
DA:1479,87123
DA:1480,94594
DA:1481,96127
DA:1482,14
DA:1483,17
DA:1484,17
DA:1485,16
DA:1486,95802
DA:1487,95518
DA:1488,86411
DA:1489,88230
DA:1490,95125
DA:1491,92986
DA:1492,91322
DA:1493,95820
DA:1494,75523
DA:1495,25956
DA:1496,170267
DA:1497,121717
DA:1498,117307
DA:1499,62135
DA:1500,79536
DA:1501,143117
DA:1502,134055
DA:1503,123147
DA:1504,34945
DA:1505,117318
DA:1506,121984
DA:1507,169679
DA:1508,21358
DA:1509,70962
DA:1510,45480
DA:1511,20
DA:1512,24
DA:1513,22
DA:1514,88237
DA:1518,26
DA:1520,58695
DA:1523,400051
DA:1525,13
DA:1527,6
DA:1533,480245
DA:1540,368429
DA:1602,43002
DA:1618,2588448
DA:1619,88
DA:1620,88
DA:1621,12
DA:1622,12
DA:1623,600156
DA:1624,200020
DA:1625,200020
DA:1627,200020
DA:1628,200020
DA:1629,200020
DA:1630,200020
DA:1631,122855
DA:1632,122855
DA:1633,200020
DA:1634,200020
DA:1635,200008
DA:1636,200008
DA:1637,200032
DA:1638,200032
DA:1639,522915
DA:1640,522915
DA:1641,522915
DA:1642,522915
DA:1643,522915
DA:1644,522915
DA:1645,522915
DA:1646,522915
DA:1647,522915
DA:1648,522915
DA:1649,522915
DA:1650,522915
DA:1651,522915
DA:1652,522915
DA:1653,322893
DA:1654,322893
DA:1655,322893
DA:1656,322893
DA:1657,322893
DA:1658,322893
DA:1659,322893
DA:1660,322893
DA:1661,322893
DA:1663,322893
DA:1664,322893
DA:1665,322893
DA:1666,322893
DA:1667,322893
DA:1668,322893
DA:1669,322893
DA:1670,322893
DA:1671,322893
DA:1672,322893
DA:1673,322893
DA:1674,322893
DA:1675,322893
DA:1676,322893
DA:1677,322893
DA:1678,322893
DA:1679,322893
DA:1680,322893
DA:1681,322893
DA:1682,322893
DA:1683,322893
DA:1684,322893
DA:1685,322893
DA:1686,322893
DA:1687,322893
DA:1688,322893
DA:1689,322893
DA:1690,322893
DA:1691,322893
DA:1692,322893
DA:1693,322893
DA:1694,322893
DA:1695,322893
DA:1696,322893
DA:1697,322893
DA:1698,322893
DA:1699,322893
DA:1700,322893
DA:1701,322893
DA:1702,322893
DA:1703,322893
DA:1704,322893
DA:1705,322893
DA:1706,322893
DA:1707,322893
DA:1708,322893
DA:1709,322893
DA:1710,322893
DA:1711,322893
DA:1712,322893
DA:1713,322893
DA:1714,322893
DA:1715,322893
DA:1716,322893
DA:1717,322893
DA:1718,322893
DA:1719,322893
DA:1720,322893
DA:1721,322893
DA:1722,322893
DA:1723,322893
DA:1724,322893
DA:1725,322893
DA:1726,322893
DA:1727,322893
DA:1729,522915
DA:1730,200032
DA:1731,200032
DA:1732,122858
DA:1733,90347
DA:1734,90347
DA:1736,109678
DA:1739,122858
DA:1740,522915
DA:1741,522915
DA:1742,522915
DA:1743,522915
DA:1745,200020
DA:1746,200020
DA:1747,200020
DA:1749,200032
DA:1750,200032
DA:1751,200032
DA:1752,200032
DA:1753,200032
DA:1754,200032
DA:1755,200032
DA:1756,200032
DA:1757,322893
DA:1758,122861
DA:1759,200032
DA:1761,122861
DA:1763,200032
DA:1764,200032
DA:1765,200032
DA:1766,200032
DA:1767,200032
DA:1769,200032
DA:1770,200032
DA:1771,200032
DA:1772,200032
DA:1773,200032
DA:1775,200032
DA:1776,200032
DA:1777,200032
DA:1778,200032
DA:1779,200032
DA:1781,200032
DA:1782,200032
DA:1783,200032
DA:1784,200032
DA:1785,200032
DA:1786,200032
DA:1787,200032
DA:1788,200032
DA:1789,200032
DA:1790,200032
DA:1791,200032
DA:1792,200032
DA:1793,200032
DA:1794,200032
DA:1795,200032
DA:1796,200032
DA:1797,200032
DA:1798,200032
DA:1799,200032
DA:1800,200032
DA:1801,200032
DA:1803,200032
DA:1804,200032
DA:1805,200032
DA:1806,200032
DA:1807,200032
DA:1808,200032
DA:1809,200032
DA:1810,200032
DA:1811,200032
DA:1812,200032
DA:1813,200032
DA:1814,200032
DA:1815,200032
DA:1816,200032
DA:1817,200032
DA:1818,200032
DA:1819,200032
DA:1820,200032
DA:1821,200032
DA:1822,200032
DA:1823,200032
DA:1825,200035
DA:1826,200035
DA:1827,200035
DA:1828,200035
DA:1829,200035
DA:1830,200035
DA:1831,200035
DA:1832,200035
DA:1833,200035
DA:1834,200035
DA:1835,200035
DA:1836,200035
DA:1837,200035
DA:1838,200035
DA:1839,200035
DA:2013,89275
DA:2014,75568
DA:2015,16
DA:2016,3910
DA:2017,75569
DA:2020,3903
DA:2021,33656
DA:2022,50250
DA:2023,171515
DA:2024,191632
DA:2025,198979
DA:2026,209452
DA:2027,215208
DA:2028,218693
DA:2029,223860
DA:2030,228979
DA:2031,230415
DA:2032,230600
DA:2033,232882
DA:2034,239628
DA:2035,240240
DA:2036,241545
DA:2037,243485
DA:2038,245744
DA:2039,248544
DA:2040,251339
DA:2041,253627
DA:2042,255464
DA:2043,258532
DA:2044,259685
DA:2045,259926
DA:2046,260212
DA:2047,260868
DA:2048,260409
DA:2049,260385
DA:2050,260811
DA:2051,263488
DA:2052,274535
DA:2053,245756
DA:2054,245350
DA:2055,210107
DA:2056,232040
DA:2057,238682
DA:2139,48841
DA:2140,199794
DA:2141,168494
DA:2142,181394
DA:2143,184431
DA:2146,12
DA:2147,9
DA:2148,12
DA:2149,12
DA:2161,25329
DA:2162,8133
DA:2163,25637
DA:2164,35577
DA:2165,15893
DA:2166,15899
DA:2167,35762
DA:2168,37272
DA:2169,7
DA:2170,8
DA:2171,7
DA:2172,10
DA:2173,36497
DA:2174,35447
DA:2175,11782
DA:2176,15900
DA:2177,35771
DA:2178,28413
DA:2179,6164
DA:2180,24128
DA:2181,46602
DA:2182,45235
DA:2183,43589
DA:2184,48166
DA:2185,38521
DA:2186,38114
DA:2187,47254
DA:2188,48861
DA:2189,6
DA:2190,7
DA:2191,9
DA:2192,5
DA:2193,48758
DA:2194,47928
DA:2195,37975
DA:2196,38446
DA:2197,48116
DA:2198,45103
DA:2199,43644
DA:2200,47062
DA:2201,9
DA:2202,9
DA:2203,5
DA:2204,9
DA:2205,13
DA:2206,12
DA:2207,11
DA:2208,15893
DA:2209,37750
DA:2210,37757
DA:2211,37628
DA:2212,37631
DA:2213,99663
DA:2214,72756
DA:2215,90742
DA:2216,92322
DA:2217,82011
DA:2218,10
DA:2219,74962
DA:2220,9
DA:2221,81395
DA:2222,10
DA:2223,54638
DA:2224,9
DA:2225,129076
DA:2226,5
DA:2227,131130
DA:2228,4
DA:2229,142869
DA:2230,4
DA:2231,141764
DA:2232,5
DA:2233,79854
DA:2234,10
DA:2235,79063
DA:2236,8
DA:2237,77905
DA:2238,12
DA:2239,77199
DA:2240,13
DA:2241,84053
DA:2242,10
DA:2243,82876
DA:2244,11
DA:2245,81167
DA:2246,13
DA:2247,79254
DA:2248,11
DA:2249,75435
DA:2250,7
DA:2251,77292
DA:2252,12
DA:2253,79393
DA:2254,13
DA:2255,81043
DA:2256,13
DA:2257,81424
DA:2258,11
DA:2259,79920
DA:2260,10
DA:2261,77094
DA:2262,11
DA:2263,75903
DA:2264,9
DA:2265,82354
DA:2266,7
DA:2267,81961
DA:2268,13
DA:2269,81977
DA:2270,8
DA:2271,80349
DA:2272,8
DA:2273,128703
DA:2274,6
DA:2275,128700
DA:2276,7
DA:2277,128703
DA:2278,5
DA:2279,128704
DA:2280,4
DA:2281,128765
DA:2282,3
DA:2283,128762
DA:2284,5
DA:2285,128765
DA:2286,5
DA:2287,128764
DA:2288,6
DA:2289,127422
DA:2290,6
DA:2291,127418
DA:2292,3
DA:2293,127424
DA:2294,7
DA:2295,127416
DA:2296,5
DA:2297,128781
DA:2298,4
DA:2299,128779
DA:2300,4
DA:2301,128781
DA:2302,7
DA:2303,128780
DA:2304,7
DA:2305,128786
DA:2306,4
DA:2307,128784
DA:2308,8
DA:2309,128791
DA:2310,6
DA:2311,128788
DA:2312,6
DA:2313,78523
DA:2314,33227
DA:2315,2
DA:2316,2
DA:2534,2588444
DA:2535,16
DA:2536,10
DA:2537,49650
DA:2538,37036
DA:2539,12
DA:2540,15899
DA:2541,8
DA:2542,200024
DA:2543,200026
DA:2544,200026
DA:2545,15901
DA:2546,53941
DA:2605,117919
DA:2606,6
DA:2607,99663
DA:2608,72756
DA:2609,82011
DA:2610,10
DA:2611,74962
DA:2612,9
DA:2613,81395
DA:2614,10
DA:2615,54638
DA:2616,9
DA:2617,79854
DA:2618,10
DA:2619,79063
DA:2620,8
DA:2621,77905
DA:2622,12
DA:2623,77199
DA:2624,13
DA:2625,84053
DA:2626,10
DA:2627,82876
DA:2628,11
DA:2629,81167
DA:2630,13
DA:2631,79254
DA:2632,11
DA:2633,75435
DA:2634,7
DA:2635,77292
DA:2636,12
DA:2637,79393
DA:2638,13
DA:2639,81043
DA:2640,13
DA:2641,81424
DA:2642,11
DA:2643,79920
DA:2644,10
DA:2645,77094
DA:2646,11
DA:2647,75903
DA:2648,9
DA:2649,82354
DA:2650,7
DA:2651,81961
DA:2652,13
DA:2653,81977
DA:2654,8
DA:2655,80349
DA:2656,8
DA:2657,78523
DA:2658,33227
DA:2659,49648
DA:2660,37035
DA:2661,22855
DA:2662,15899
DA:2663,20
DA:2664,4938
DA:2665,7
DA:2667,133606
DA:2668,44322
DA:2669,129249
DA:2674,9
DA:2675,9
DA:2676,5
DA:2677,9
DA:2678,37750
DA:2679,37757
DA:2680,37628
DA:2681,37631
DA:2682,13
DA:2683,12
DA:2684,11
DA:2685,15893
DA:2686,25329
DA:2687,8133
DA:2688,25637
DA:2689,35577
DA:2690,15893
DA:2691,15899
DA:2692,35762
DA:2693,37272
DA:2694,7
DA:2695,8
DA:2696,7
DA:2697,10
DA:2698,36497
DA:2699,35447
DA:2700,11782
DA:2701,15900
DA:2702,35771
DA:2703,28413
DA:2704,6164
DA:2705,24128
DA:2706,46602
DA:2707,45235
DA:2708,43589
DA:2709,48166
DA:2710,38521
DA:2711,38114
DA:2712,47254
DA:2713,48861
DA:2714,6
DA:2715,7
DA:2716,9
DA:2717,5
DA:2718,48758
DA:2719,47928
DA:2720,37975
DA:2721,38446
DA:2722,48116
DA:2723,45103
DA:2724,43644
DA:2725,47062
DA:2726,31875
DA:2727,8606
DA:2728,90140
DA:2729,55244
DA:2730,54021
DA:2731,25632
DA:2732,48071
DA:2733,64016
DA:2734,59642
DA:2735,56264
DA:2736,12848
DA:2737,54367
DA:2738,55616
DA:2739,89760
DA:2740,6445
DA:2741,29820
DA:2742,15900
DA:2743,5
DA:2744,9
DA:2745,10
DA:2746,46067
DA:2750,12
DA:2752,28587
DA:2755,200029
DA:2758,9
DA:2760,8
DA:2766,256151
DA:2773,168799
DA:2901,15900
DA:2917,1294224
DA:2918,44
DA:2919,44
DA:2920,6
DA:2921,6
DA:2922,300078
DA:2923,100010
DA:2924,100010
DA:2926,100011
DA:2927,100011
DA:2928,100010
DA:2929,100010
DA:2930,101421
DA:2931,101421
DA:2932,100010
DA:2933,100010
DA:2934,100004
DA:2935,100004
DA:2936,100017
DA:2937,100017
DA:2938,301452
DA:2939,301452
DA:2940,301452
DA:2941,301452
DA:2942,301452
DA:2943,301452
DA:2944,301452
DA:2945,301452
DA:2946,301452
DA:2947,301452
DA:2948,301452
DA:2949,301452
DA:2950,301452
DA:2951,301452
DA:2952,201437
DA:2953,201437
DA:2954,201437
DA:2955,201437
DA:2956,201437
DA:2957,201437
DA:2958,201437
DA:2959,201437
DA:2960,201437
DA:2962,201437
DA:2963,201437
DA:2964,201437
DA:2965,201437
DA:2966,201437
DA:2967,201437
DA:2968,201437
DA:2969,201437
DA:2970,201437
DA:2971,201437
DA:2972,201437
DA:2973,201437
DA:2974,201437
DA:2975,201437
DA:2976,201437
DA:2977,201437
DA:2978,201437
DA:2979,201437
DA:2980,201437
DA:2981,201437
DA:2982,201437
DA:2983,201437
DA:2984,201437
DA:2985,201437
DA:2986,201437
DA:2987,201437
DA:2988,201437
DA:2989,201437
DA:2990,201437
DA:2991,201437
DA:2992,201437
DA:2993,201437
DA:2994,201437
DA:2995,201437
DA:2996,201437
DA:2997,201437
DA:2998,201437
DA:2999,201437
DA:3000,201437
DA:3001,201437
DA:3002,201437
DA:3003,201437
DA:3004,201437
DA:3005,201437
DA:3006,201437
DA:3007,201437
DA:3008,201437
DA:3009,201437
DA:3010,201437
DA:3011,201437
DA:3012,201437
DA:3013,201437
DA:3014,201437
DA:3015,201437
DA:3016,201437
DA:3017,201437
DA:3018,201437
DA:3019,201437
DA:3020,201437
DA:3021,201437
DA:3022,201437
DA:3023,201437
DA:3024,201437
DA:3025,201437
DA:3026,201437
DA:3028,301452
DA:3029,100017
DA:3030,100017
DA:3031,100013
DA:3032,41057
DA:3033,41057
DA:3035,58956
DA:3038,101422
DA:3039,301452
DA:3040,301452
DA:3041,301452
DA:3042,301452
DA:3044,100011
DA:3045,100011
DA:3046,100011
DA:3048,100017
DA:3049,100017
DA:3050,100017
DA:3051,100017
DA:3052,100017
DA:3053,100017
DA:3054,100013
DA:3055,100013
DA:3056,201437
DA:3057,100013
DA:3058,100013
DA:3060,101424
DA:3062,100013
DA:3063,100013
DA:3064,100013
DA:3065,100013
DA:3066,100013
DA:3068,100013
DA:3069,100013
DA:3070,100013
DA:3071,100013
DA:3072,100013
DA:3074,100013
DA:3075,100013
DA:3076,100013
DA:3077,100013
DA:3078,100013
DA:3080,100013
DA:3081,100013
DA:3082,100013
DA:3083,100013
DA:3084,100013
DA:3085,100013
DA:3086,100013
DA:3087,100013
DA:3088,100013
DA:3089,100013
DA:3090,100013
DA:3091,100013
DA:3092,100013
DA:3093,100013
DA:3094,100013
DA:3095,100013
DA:3096,100013
DA:3097,100013
DA:3098,100013
DA:3099,100013
DA:3100,100013
DA:3102,100013
DA:3103,100013
DA:3104,100013
DA:3105,100013
DA:3106,100013
DA:3107,100013
DA:3108,100013
DA:3109,100013
DA:3110,100013
DA:3111,100013
DA:3112,100013
DA:3113,100013
DA:3114,100013
DA:3115,100013
DA:3116,100013
DA:3117,100013
DA:3118,100013
DA:3119,100013
DA:3120,100013
DA:3121,100013
DA:3122,100013
DA:3124,100013
DA:3125,100013
DA:3126,100013
DA:3127,100013
DA:3128,100013
DA:3129,100013
DA:3130,100013
DA:3131,100013
DA:3132,100013
DA:3133,100013
DA:3134,100013
DA:3135,100013
DA:3136,100013
DA:3137,100013
DA:3138,100013
DA:3312,40363
DA:3313,38972
DA:3314,16
DA:3315,2471
DA:3316,38978
DA:3319,2472
DA:3320,21505
DA:3321,28623
DA:3322,87123
DA:3323,97809
DA:3324,106436
DA:3325,111330
DA:3326,113970
DA:3327,119821
DA:3328,119370
DA:3329,221133
DA:3330,222928
DA:3331,224123
DA:3332,226323
DA:3333,232660
DA:3334,233173
DA:3335,234533
DA:3336,136279
DA:3337,139281
DA:3338,141291
DA:3339,144267
DA:3340,146315
DA:3341,149444
DA:3342,151427
DA:3343,154327
DA:3344,156257
DA:3345,159424
DA:3346,161413
DA:3347,164258
DA:3348,166357
DA:3349,169012
DA:3350,171308
DA:3351,173944
DA:3352,176176
DA:3353,179005
DA:3354,181609
DA:3355,183971
DA:3356,186031
DA:3357,189122
DA:3358,191065
DA:3359,194615
DA:3360,196289
DA:3361,199200
DA:3362,201283
DA:3363,203836
DA:3364,206085
DA:3365,208927
DA:3366,211251
DA:3367,214382
DA:3368,216531
DA:3369,219023
DA:3370,221564
DA:3371,224041
DA:3372,226279
DA:3373,229147
DA:3374,231513
DA:3375,231994
DA:3376,232899
DA:3377,233100
DA:3378,233306
DA:3379,233346
DA:3380,232684
DA:3381,232907
DA:3382,234678
DA:3383,241437
DA:3384,224007
DA:3385,223717
DA:3386,204024
DA:3387,205605
DA:3388,164509
DA:3534,51284
DA:3535,299446
DA:3536,79964
DA:3537,193010
DA:3538,86152
DA:3541,12
DA:3542,10
DA:3543,12
DA:3544,12
DA:3556,11360
DA:3557,3457
DA:3558,3819
DA:3559,16891
DA:3560,12
DA:3561,11
DA:3562,22039
DA:3563,19359
DA:3564,9
DA:3565,9
DA:3566,6
DA:3567,9
DA:3568,18503
DA:3569,16856
DA:3570,14
DA:3571,11
DA:3572,17016
DA:3573,4974
DA:3574,2599
DA:3575,10743
DA:3576,24052
DA:3577,23402
DA:3578,18633
DA:3579,19428
DA:3580,17177
DA:3581,20674
DA:3582,18767
DA:3583,23883
DA:3584,6
DA:3585,6
DA:3586,7
DA:3587,7
DA:3588,24269
DA:3589,18838
DA:3590,20416
DA:3591,17429
DA:3592,19412
DA:3593,18716
DA:3594,22560
DA:3595,24325
DA:3596,8
DA:3597,8
DA:3598,7
DA:3599,7
DA:3600,21
DA:3601,12
DA:3602,9
DA:3603,12
DA:3604,18551
DA:3605,18549
DA:3606,18542
DA:3607,18541
DA:3608,149720
DA:3609,30004
DA:3610,94470
DA:3611,48383
DA:3612,93149
DA:3613,12
DA:3614,88530
DA:3615,10
DA:3616,90464
DA:3617,13
DA:3618,66950
DA:3619,6
DA:3620,98933
DA:3621,3
DA:3622,101925
DA:3623,4
DA:3624,120468
DA:3625,6
DA:3626,115010
DA:3627,8
DA:3628,91410
DA:3629,10
DA:3630,90819
DA:3631,11
DA:3632,90400
DA:3633,13
DA:3634,90092
DA:3635,9
DA:3636,92931
DA:3637,5
DA:3638,92886
DA:3639,8
DA:3640,92266
DA:3641,8
DA:3642,91163
DA:3643,11
DA:3644,88767
DA:3645,8
DA:3646,89790
DA:3647,11
DA:3648,90195
DA:3649,4
DA:3650,91281
DA:3651,11
DA:3652,92242
DA:3653,5
DA:3654,91431
DA:3655,13
DA:3656,89773
DA:3657,11
DA:3658,89288
DA:3659,11
DA:3660,92498
DA:3661,5
DA:3662,92623
DA:3663,8
DA:3664,92644
DA:3665,10
DA:3666,91859
DA:3667,10
DA:3668,116618
DA:3669,3
DA:3670,116615
DA:3671,2
DA:3672,116618
DA:3673,5
DA:3674,116613
DA:3675,4
DA:3676,117005
DA:3677,8
DA:3678,117005
DA:3679,8
DA:3680,117004
DA:3681,6
DA:3682,117001
DA:3683,5
DA:3684,116618
DA:3685,5
DA:3686,116617
DA:3687,5
DA:3688,116622
DA:3689,6
DA:3690,116621
DA:3691,4
DA:3692,116963
DA:3693,8
DA:3694,116962
DA:3695,4
DA:3696,116961
DA:3697,2
DA:3698,116958
DA:3699,4
DA:3700,116580
DA:3701,4
DA:3702,116580
DA:3703,4
DA:3704,116581
DA:3705,3
DA:3706,116581
DA:3707,5
DA:3708,40356
DA:3709,29642
DA:3710,5
DA:3711,3
DA:3929,2588444
DA:3930,16
DA:3931,10
DA:3932,24783
DA:3933,12849
DA:3934,12
DA:3935,14
DA:3936,8
DA:3937,200024
DA:3938,200026
DA:3939,200025
DA:3940,18
DA:3941,26727
DA:4000,64593
DA:4001,9
DA:4002,149720
DA:4003,30004
DA:4004,93149
DA:4005,12
DA:4006,88530
DA:4007,10
DA:4008,90464
DA:4009,13
DA:4010,66950
DA:4011,6
DA:4012,91410
DA:4013,10
DA:4014,90819
DA:4015,11
DA:4016,90400
DA:4017,13
DA:4018,90092
DA:4019,9
DA:4020,92931
DA:4021,5
DA:4022,92886
DA:4023,8
DA:4024,92266
DA:4025,8
DA:4026,91163
DA:4027,11
DA:4028,88767
DA:4029,8
DA:4030,89790
DA:4031,11
DA:4032,90195
DA:4033,4
DA:4034,91281
DA:4035,11
DA:4036,92242
DA:4037,5
DA:4038,91431
DA:4039,13
DA:4040,89773
DA:4041,11
DA:4042,89288
DA:4043,11
DA:4044,92498
DA:4045,5
DA:4046,92623
DA:4047,8
DA:4048,92644
DA:4049,10
DA:4050,91859
DA:4051,10
DA:4052,40356
DA:4053,29642
DA:4054,24783
DA:4055,12854
DA:4056,6710
DA:4057,14
DA:4058,11
DA:4059,7
DA:4060,5
DA:4062,174481
DA:4063,22933
DA:4064,71280
DA:4069,8
DA:4070,8
DA:4071,7
DA:4072,7
DA:4073,18551
DA:4074,18549
DA:4075,18542
DA:4076,18541
DA:4077,21
DA:4078,12
DA:4079,9
DA:4080,12
DA:4081,11360
DA:4082,3457
DA:4083,3819
DA:4084,16891
DA:4085,12
DA:4086,11
DA:4087,22039
DA:4088,19359
DA:4089,9
DA:4090,9
DA:4091,6
DA:4092,9
DA:4093,18503
DA:4094,16856
DA:4095,14
DA:4096,11
DA:4097,17016
DA:4098,4974
DA:4099,2599
DA:4100,10743
DA:4101,24052
DA:4102,23402
DA:4103,18633
DA:4104,19428
DA:4105,17177
DA:4106,20674
DA:4107,18767
DA:4108,23883
DA:4109,6
DA:4110,6
DA:4111,7
DA:4112,7
DA:4113,24269
DA:4114,18838
DA:4115,20416
DA:4116,17429
DA:4117,19412
DA:4118,18716
DA:4119,22560
DA:4120,24325
DA:4121,13265
DA:4122,3614
DA:4123,50061
DA:4124,21550
DA:4125,21745
DA:4126,10639
DA:4127,32938
DA:4128,26678
DA:4129,24865
DA:4130,21406
DA:4131,5299
DA:4132,22059
DA:4133,21893
DA:4134,49794
DA:4135,2694
DA:4136,12382
DA:4137,14
DA:4138,12
DA:4139,11
DA:4140,11
DA:4141,24505
DA:4145,12
DA:4147,15113
DA:4150,200026
DA:4163,12
DA:4166,7
DA:4167,130967
DA:4168,92499
DA:4423,9
DA:4437,1294224
DA:4438,44
DA:4439,44
DA:4440,6
DA:4441,6
DA:4442,300078
DA:4443,100010
DA:4444,100010
DA:4446,100010
DA:4447,100010
DA:4448,100010
DA:4449,100010
DA:4450,151074
DA:4451,151074
DA:4452,100010
DA:4453,100010
DA:4454,100004
DA:4455,100004
DA:4456,100015
DA:4457,100015
DA:4458,351104
DA:4459,351104
DA:4460,351104
DA:4461,351104
DA:4462,351104
DA:4463,351104
DA:4464,351104
DA:4465,351104
DA:4466,351104
DA:4467,351104
DA:4468,351104
DA:4469,351104
DA:4470,351104
DA:4471,351104
DA:4472,251092
DA:4473,251092
DA:4474,251092
DA:4475,251092
DA:4476,251092
DA:4477,251092
DA:4478,251092
DA:4479,251092
DA:4480,251092
DA:4482,251092
DA:4483,251092
DA:4484,251092
DA:4485,251092
DA:4486,251092
DA:4487,251092
DA:4488,251092
DA:4489,251092
DA:4490,251092
DA:4491,251092
DA:4492,251092
DA:4493,251092
DA:4494,251092
DA:4495,251092
DA:4496,251092
DA:4497,251092
DA:4498,251092
DA:4499,251092
DA:4500,251092
DA:4501,251092
DA:4502,251092
DA:4503,251092
DA:4504,251092
DA:4505,251092
DA:4506,251092
DA:4507,251092
DA:4508,251092
DA:4509,251092
DA:4510,251092
DA:4511,251092
DA:4512,251092
DA:4513,251092
DA:4514,251092
DA:4515,251092
DA:4516,251092
DA:4517,251092
DA:4518,251092
DA:4519,251092
DA:4520,251092
DA:4521,251092
DA:4522,251092
DA:4523,251092
DA:4524,251092
DA:4525,251092
DA:4526,251092
DA:4527,251092
DA:4528,251092
DA:4529,251092
DA:4530,251092
DA:4531,251092
DA:4532,251092
DA:4533,251092
DA:4534,251092
DA:4535,251092
DA:4536,251092
DA:4537,251092
DA:4538,251092
DA:4539,251092
DA:4540,251092
DA:4541,251092
DA:4542,251092
DA:4543,251092
DA:4544,251092
DA:4545,251092
DA:4546,251092
DA:4548,351104
DA:4549,100015
DA:4550,100015
DA:4551,100014
DA:4552,32292
DA:4553,67722
DA:4555,32292
DA:4558,151075
DA:4559,351104
DA:4560,351104
DA:4561,351104
DA:4562,351104
DA:4564,100011
DA:4565,100011
DA:4566,100011
DA:4568,100015
DA:4569,100015
DA:4570,100015
DA:4571,100015
DA:4572,100015
DA:4573,100015
DA:4574,100017
DA:4575,100017
DA:4576,251092
DA:4577,100017
DA:4578,100017
DA:4580,151075
DA:4582,100017
DA:4583,100017
DA:4584,100017
DA:4585,100017
DA:4586,100017
DA:4588,100017
DA:4589,100017
DA:4590,100017
DA:4591,100017
DA:4592,100017
DA:4594,100017
DA:4595,100017
DA:4596,100017
DA:4597,100017
DA:4598,100017
DA:4600,100017
DA:4601,100017
DA:4602,100017
DA:4603,100017
DA:4604,100017
DA:4605,100017
DA:4606,100017
DA:4607,100017
DA:4608,100017
DA:4609,100017
DA:4610,100017
DA:4611,100017
DA:4612,100017
DA:4613,100017
DA:4614,100017
DA:4615,100017
DA:4616,100017
DA:4617,100017
DA:4618,100017
DA:4619,100017
DA:4620,100017
DA:4622,100017
DA:4623,100017
DA:4624,100017
DA:4625,100017
DA:4626,100017
DA:4627,100017
DA:4628,100017
DA:4629,100017
DA:4630,100017
DA:4631,100017
DA:4632,100017
DA:4633,100017
DA:4634,100017
DA:4635,100017
DA:4636,100017
DA:4637,100017
DA:4638,100017
DA:4639,100017
DA:4640,100017
DA:4641,100017
DA:4642,100017
DA:4644,100017
DA:4645,100017
DA:4646,100017
DA:4647,100017
DA:4648,100017
DA:4649,100017
DA:4650,100017
DA:4651,100017
DA:4652,100017
DA:4653,100017
DA:4654,100017
DA:4655,100017
DA:4656,100017
DA:4657,100017
DA:4658,100017
DA:4832,1294222
DA:4833,8
DA:4834,5
DA:4835,4
DA:4836,1
DA:4837,2
DA:4838,6
DA:4839,5
DA:4840,100014
DA:4841,100011
DA:4842,100013
DA:4843,100013
DA:4844,4
DA:4845,5
DA:4912,100012
DA:4913,2
DA:4914,2
DA:4915,5
DA:4916,4
DA:4939,4
DA:4940,4
DA:4941,3
DA:5034,100013
DA:5035,647112
DA:5036,22
DA:5037,22
DA:5038,3
DA:5039,3
DA:5040,100034
DA:5041,50005
DA:5042,50005
DA:5044,497050
DA:5045,497050
DA:5046,497050
DA:5047,497050
DA:5048,497050
DA:5049,497050
DA:5050,497050
DA:5051,497050
DA:5052,497050
DA:5053,497050
DA:5054,497050
DA:5055,497050
DA:5056,1
DA:5057,50002
DA:5058,50005
DA:5059,50005
DA:5060,50005
DA:5061,50005
DA:5062,50005
DA:5064,150061
DA:5065,497051
DA:5066,150061
DA:5067,497051
DA:5068,150061
DA:5069,497051
end_of_record
